Turbo Assembler	 Version 3.1	    01/04/21 19:57:59	    Page 1
disasm1.ASM



      1				     ;Apdoroti MOV, NOT, RCR, XLAT
      2	0000			     .model small
      3	0000			     .stack 100h
      4	0000			     .data
      5	0000  0D 0A 24			     endl db 0Dh, 0Ah, 24h
      6
      7	0003  0100*(??)			     filename db 256 dup(?)
      8	0103  72 65 7A 2E 74 78	74+	     dst db "rez.txt", 0h
      9	      00
     10
     11	010B  0000			     in_fh dw 0000h
     12	010D  0000			     out_fh dw 0000h
     13
     14	010F  6D 6F 76 20		     movkomanda	db "mov	"
     15	0113  6E 6F 74 20		     notkomanda	db "not	"
     16	0117  78 6C 61 74 20		     xlatkomanda db "xlat "
     17	011C  72 63 72 20		     rcrkomanda	db "rcr	"
     18
     19	0120  20			     space db "	"
     20	0121  2C 20			     tarpas db ", "
     21	0123  31 20			     rcr1 db "1	"
     22	0125  3A 20 20 20 20 20	20+	     msg db ":	       "
     23	      20 20 20
     24	012F  2B			     pliusas db	"+"
     25	0130  4B 6F 6D 61 6E 64	61+	     neatpazinta db "Komanda neatpazinta$"
     26	      20 6E 65 61 74 70	61+
     27	      7A 69 6E 74 61 24
     28	0144  68			     h db "h"
     29	0145  74 65 73 74		     testas db "test"
     30
     31	0149  49 76 65 73 6B 69	74+	     helpmsg db	"Iveskite disasm ir failo pavadinima (Pvz.:disasm comf.com), programa atkurs+
     32	      65 20 64 69 73 61	73+  MOV, NOT, RCR, XLAT komandas, esancias faile$"
     33	      6D 20 69 72 20 66	61+
     34	      69 6C 6F 20 70 61	76+
     35	      61 64 69 6E 69 6D	61+
     36	      20 28 50 76 7A 2E	3A+
     37	      64 69 73 61 73 6D	20+
     38	      63 6F 6D 66 2E 63	6F+
     39	      6D 29 2C 20 70 72	6F+
     40	      67 72 61 6D 61 20	61+
     41	      74 6B 75 72 73 20	4D+
     42	      4F 56 2C 20 4E 4F	54+
     43	      2C 20 52 43 52 2C	20+
     44	      58 4C 41 54 20 6B	6F+
     45	      6D 61 6E 64 61 73	2C+
     46	      20 65 73 61 6E 63	69+
     47	      61 73 20 66 61 69	6C+
     48	      65 24
     49	01C2  46 61 69 6C 6F 20	61+	     errormsg db "Failo	atidaryti nepavyko arba	jis neegzistuoja, bandykite is naujo$"
     50	      74 69 64 61 72 79	74+
     51	      69 20 6E 65 70 61	76+
     52	      79 6B 6F 20 61 72	62+
     53	      61 20 6A 69 73 20	6E+
     54	      65 65 67 7A 69 73	74+
     55	      75 6F 6A 61 2C 20	62+
     56	      61 6E 64 79 6B 69	74+
     57	      65 20 69 73 20 6E	61+
Turbo Assembler	 Version 3.1	    01/04/21 19:57:59	    Page 2
disasm1.ASM



     58	      75 6A 6F 24
     59
     60	0205  45 53 3A 5B		     esprefiksas db "ES:["
     61	0209  43 53 3A 5B		     csprefiksas db "CS:["
     62	020D  44 53 3A 5B		     dsprefiksas db "DS:["
     63	0211  53 53 3A 5B		     ssprefiksas db "SS:["
     64
     65	0215  5D			     lls db "]"
     66
     67	0216  00			     espref db 0
     68	0217  00			     cspref db 0
     69	0218  00			     dspref db 0
     70	0219  00			     sspref db 0
     71
     72	021A  0100*(??)			     output db 256 dup(?)
     73
     74	031A  0100*(??)			     buff db 256 dup(?)
     75
     76	041A  01*(??)			     komanda db	1 dup(?)
     77
     78	041B  00 00			     betop1 db 0, 0
     79
     80	041D  01*(??)			     d db 1 dup(?)
     81	041E  01*(??)			     w db 1 dup(?)
     82	041F  01*(??)			     modd db 1 dup(?)
     83	0420  01*(??)			     reg db 1 dup(?)
     84	0421  01*(??)			     rm	db 1 dup(?)
     85	0422  00			     poslinkis1	db 0
     86	0423  0000			     poslinkis2	dw 0
     87
     88	0425  01*(????)			     operandas1	dw 1 dup(?)
     89	0427  01*(????)			     operandas2	dw 1 dup(?)
     90	0429  53 49			     siop db "SI"
     91	042B  44 49			     diop db "DI"
     92
     93	042D  30 31 32 33 34 35	36+	     hex db "0123456789ABCDEF"
     94	      37 38 39 41 42 43	44+
     95	      45 46
     96	043D  00 00			     hexnum db 0, 0
     97	043F  00 00			     prevhex db	0, 0
     98
     99	0441			     .code
    100	0000			     start:
    101	0000  BA 0000s			     mov dx, @data
    102	0003  8E DA			     mov ds, dx
    103				     ;------------------------------------------------------------FAILO	VARDO			    +
    104				     GAVIMAS----------------------------------
    105	0005  33 C9			     xor cx, cx
    106	0007  26: 8A 0E	0080		     mov cl, es:[80h]	     ; eilutes ilgis
    107	000C  BE 0082			     mov si, 82h	     ; 1 eilutes simbolis
    108	000F  26: 8A 24			     mov ah, es:[si]
    109
    110	0012  80 FC 2F			     cmp ah, "/"
    111	0015  75 1E			     jne pradzia
    112
    113	0017  26: 8A 26	0083		 mov ah, es:[83h]
    114	001C  80 FC 3F			 cmp ah, "?"
Turbo Assembler	 Version 3.1	    01/04/21 19:57:59	    Page 3
disasm1.ASM



    115	001F  74 03			 je pagalba1
    116	0021  EB 12 90			     jmp pradzia
    117	0024			     pagalba1:
    118	0024  BA 0149r			 mov dx, offset	helpmsg
    119	0027  B4 09			 mov ah, 09h
    120	0029  CD 21			 int 21h
    121
    122	002B  BA 0000r			 mov dx, offset	endl
    123	002E  B4 09			 mov ah, 09h
    124	0030  CD 21			 int 21h
    125
    126	0032  E9 0135			     jmp pabaiga
    127
    128	0035			     pradzia:
    129	0035  32 E4			     xor ah, ah
    130	0037  BB 0003r			     mov bx, offset filename
    131
    132	003A			     loop2:
    133	003A  26: 8A 04			     mov al, es:[si]
    134	003D  3C 0D			     cmp al, 13	; EOL
    135	003F  74 07			     je	yra
    136	0041  88 07			     mov [bx], al
    137	0043  FE C4			     inc ah
    138	0045  EB 0B 90			     jmp eloop2
    139
    140	0048			     yra:
    141	0048  51			     push cx
    142
    143	0049  BB 0002r			     mov bx, offset [filename -	1]
    144	004C  59			     pop cx
    145	004D  32 E4			     xor ah, ah
    146
    147	004F  EB 05 90			     jmp open
    148
    149	0052			     eloop2:
    150	0052  43			     inc bx
    151	0053  46			     inc si
    152	0054  E2 E4			     loop loop2
    153				     ;----------------------------------------------------------------------FAILO		    +
    154				     ATIDARYMAS----------------------------------------
    155	0056			     open:
    156	0056  B8 3D00			     mov ax, 3d00h
    157	0059  BA 0003r			     lea dx, filename
    158	005C  CD 21			     int 21h
    159	005E  A3 010Br			     mov in_fh,	ax
    160
    161	0061  72 10			     jc	klaida
    162
    163	0063  B8 3C00			 mov ax, 3c00h
    164	0066  33 C9			 xor cx,cx
    165	0068  BA 0103r			 lea dx, dst
    166	006B  CD 21			 int 21h
    167	006D  A3 010Dr			 mov out_fh,ax
    168	0070  EB 12 90			     jmp read
    169	0073			     klaida:
    170	0073  BA 01C2r			     mov dx, offset errormsg
    171	0076  B4 09			 mov ah, 09h
Turbo Assembler	 Version 3.1	    01/04/21 19:57:59	    Page 4
disasm1.ASM



    172	0078  CD 21			 int 21h
    173
    174	007A  BA 0000r			 mov dx, offset	endl
    175	007D  B4 09			 mov ah, 09h
    176	007F  CD 21			 int 21h
    177
    178	0081  E9 00E6			     jmp pabaiga
    179				     ;---------------------------------------------------------------------SKAITYMAS IS		    +
    180				     FAILO---------------------------------------
    181	0084			     read:
    182	0084  B8 3F00			     mov ax, 3f00h
    183	0087  8B 1E 010Br		     mov bx, in_fh
    184	008B  B9 0100			     mov cx, 100h
    185	008E  BA 031Ar			     mov dx, offset buff
    186	0091  CD 21			     int 21h
    187
    188	0093  8B C8			     mov cx, ax
    189	0095  BB 031Ar			     mov bx, offset buff
    190	0098  3D 0000			     cmp ax, 0
    191	009B  75 03			     jne loop1
    192	009D  E9 00CA			     jmp pabaiga
    193
    194	00A0			     loop1:
    195	00A0  51			     push cx
    196
    197	00A1  53			     push bx
    198	00A2  B9 0004			     mov cx, 4h
    199	00A5  BA 0145r			     mov dx, offset testas
    200	00A8  B4 40			     mov ah, 40h		    ;RASYMAS I FAILA
    201	00AA  8B 1E 010Dr		     mov bx, out_fh
    202	00AE  CD 21			     int 21h
    203	00B0  5B			     pop bx
    204
    205	00B1  33 C0			     xor ax, ax
    206	00B3  8A 27			     mov ah, [bx]
    207
    208	00B5  E8 0FB4			     call printhex
    209
    210	00B8  E8 0FEA			     call prefcompare
    211
    212	00BB  EB 07 90			     jmp compare
    213
    214	00BE			     nemano:
    215
    216	00BE  59			     pop cx
    217	00BF  43			     inc bx
    218	00C0  E2 DE			     loop loop1
    219
    220	00C2  EB C0			     jmp read
    221
    222	00C4			     compare:
    223
    224	00C4			     p0:
    225	00C4  80 FC 88			     cmp ah, 88h
    226	00C7  75 03			     jne p1
    227	00C9  E9 00B6			     jmp mov8
    228	00CC			     p1:
Turbo Assembler	 Version 3.1	    01/04/21 19:57:59	    Page 5
disasm1.ASM



    229	00CC  80 FC 89			     cmp ah, 89h
    230	00CF  75 03			     jne p2
    231	00D1  E9 00C0			     jmp mov9
    232	00D4			     p2:
    233	00D4  80 FC 8A			     cmp ah, 8Ah
    234	00D7  75 03			     jne p3
    235	00D9  E9 00CC			     jmp movA
    236	00DC			     p3:
    237	00DC  80 FC 8B			     cmp ah, 8Bh
    238	00DF  75 03			     jne p4
    239	00E1  E9 00D8			     jmp movB
    240	00E4			     p4:
    241	00E4  80 FC F6			     cmp ah, 11110110b
    242	00E7  75 03			     jne p5
    243	00E9  E9 01D6			     jmp not0
    244	00EC			     p5:
    245	00EC  80 FC F7			     cmp ah, 11110111b
    246	00EF  75 03			     jne p6
    247	00F1  E9 01DC			     jmp not1
    248	00F4			     p6:
    249	00F4  80 FC D7			     cmp ah, 11010111b
    250	00F7  75 03			     jne p7
    251	00F9  E9 01E2			     jmp xlat1
    252	00FC			     p7:
    253	00FC  80 FC D0			     cmp ah, 11010000b
    254	00FF  75 03			     jne p8
    255	0101  E9 01E2			     jmp rcr00
    256	0104			     p8:
    257	0104  80 FC D2			     cmp ah, 11010010b
    258	0107  75 03			     jne p9
    259	0109  E9 01F6			     jmp rcr10
    260	010C			     p9:
    261	010C  80 FC D1			     cmp ah, 11010001b
    262	010F  75 03			     jne p10
    263	0111  E9 01E0			     jmp rcr01
    264	0114			     p10:
    265	0114  80 FC D3			     cmp ah, 11010011b
    266	0117  75 03			     jne p11
    267	0119  E9 01FA			     jmp rcr11
    268	011C			     p11:
    269	011C  80 FC C6			     cmp ah, 11000110b
    270	011F  75 03			     jne p12
    271	0121  E9 00AA			     jmp mov20
    272	0124			     p12:
    273	0124  80 FC C7			     cmp ah, 11000111b
    274	0127  75 03			     jne p13
    275	0129  E9 00B6			     jmp mov21
    276	012C			     p13:
    277	012C  8A C4			     mov al, ah
    278	012E  24 F0			     and al, 11110000b
    279	0130  3C B0			     cmp al, 10110000b
    280	0132  75 03			     jne p14
    281	0134  E9 00BF			     jmp mov3
    282	0137			     p14:
    283	0137  80 FC A0			     cmp ah, 10100000b
    284	013A  75 03			     jne p15
    285	013C  E9 0106			     jmp mov40
Turbo Assembler	 Version 3.1	    01/04/21 19:57:59	    Page 6
disasm1.ASM



    286	013F			     p15:
    287	013F  80 FC A1			     cmp ah, 10100001b
    288	0142  75 03			     jne p16
    289	0144  E9 0121			     jmp mov41
    290	0147			     p16:
    291	0147  80 FC A2			     cmp ah, 10100010b
    292	014A  75 03			     jne p17
    293	014C  E9 012B			     jmp mov50
    294	014F			     p17:
    295	014F  80 FC A3			     cmp ah, 10100011b
    296	0152  75 03			     jne p18
    297	0154  E9 0135			     jmp mov51
    298	0157			     p18:
    299	0157  80 FC 8C			     cmp ah, 10001100b
    300	015A  75 03			     jne p19
    301	015C  E9 013F			     jmp mov60
    302	015F			     p19:
    303	015F  80 FC 8E			     cmp ah, 10001110b
    304	0162  75 03			     jne p20
    305	0164  E9 0149			     jmp mov61
    306	0167			     p20:
    307
    308	0167  E9 FF54			     jmp nemano
    309
    310	016A			     pabaiga:
    311
    312	016A  B8 3E00			     mov ax, 3e00h	     ;close file
    313	016D  8B 1E 010Br		 mov bx, in_fh
    314	0171  CD 21			 int 21h
    315
    316	0173  B8 3E00			     mov ax, 3e00h	     ;close file
    317	0176  8B 1E 010Dr		 mov bx, out_fh
    318	017A  CD 21			 int 21h
    319
    320	017C  B4 4C			 mov ah, 4ch		     ;exit
    321	017E  B0 00			 mov al, 0
    322	0180  CD 21			 int 21h
    323
    324	0182			     mov8:
    325	0182  C6 06 041Ar 01		     mov komanda, 1
    326
    327	0187  B1 00			     mov cl, 0
    328	0189  88 0E 041Dr		     mov d, cl
    329	018D  88 0E 041Er		     mov w, cl
    330
    331	0191  E9 0196			     jmp movadresavimobaitas
    332	0194			     mov9:
    333	0194  C6 06 041Ar 01		     mov komanda, 1
    334
    335	0199  B1 00			     mov cl, 0
    336	019B  88 0E 041Dr		     mov d, cl
    337	019F  B1 01			     mov cl, 1
    338	01A1  88 0E 041Er		     mov w, cl
    339
    340	01A5  E9 0182			     jmp movadresavimobaitas
    341	01A8			     movA:
    342	01A8  C6 06 041Ar 01		     mov komanda, 1
Turbo Assembler	 Version 3.1	    01/04/21 19:57:59	    Page 7
disasm1.ASM



    343
    344	01AD  B1 01			     mov cl, 1
    345	01AF  88 0E 041Dr		     mov d, cl
    346	01B3  B1 00			     mov cl, 0
    347	01B5  88 0E 041Er		     mov w, cl
    348
    349	01B9  E9 016E			     jmp movadresavimobaitas
    350	01BC			     movB:
    351	01BC  C6 06 041Ar 01		     mov komanda, 1
    352
    353	01C1  B1 01			     mov cl, 1
    354	01C3  88 0E 041Dr		     mov d, cl
    355	01C7  88 0E 041Er		     mov w, cl
    356
    357	01CB  E9 015C			     jmp movadresavimobaitas
    358
    359	01CE			     mov20:
    360	01CE  C6 06 041Ar 06		     mov komanda, 6
    361
    362	01D3  B1 00			     mov cl, 0
    363	01D5  88 0E 041Er		     mov w, cl
    364	01D9  B1 01			     mov cl, 1
    365	01DB  88 0E 041Dr		     mov d, cl
    366
    367	01DF  E9 0173			     jmp movadresavimobaitas2
    368	01E2			     mov21:
    369	01E2  C6 06 041Ar 01		     mov komanda, 1
    370
    371	01E7  B1 01			     mov cl, 1
    372	01E9  88 0E 041Dr		     mov d, cl
    373	01ED  B1 00			     mov cl, 0
    374	01EF  88 0E 041Er		     mov w, cl
    375
    376	01F3  E9 015F			     jmp movadresavimobaitas2
    377	01F6			     mov3:
    378	01F6  C6 06 041Ar 01		     mov komanda, 1
    379
    380	01FB  8A C4			     mov al, ah
    381	01FD  24 08			     and al, 00001000b
    382	01FF  3C 08			     cmp al, 00001000b
    383	0201  75 08			     jne mov30
    384	0203  C6 06 041Er 01		     mov [w], 1
    385	0208  EB 06 90			     jmp mov3temp
    386	020B			     mov30:
    387	020B  C6 06 041Er 00		     mov [w], 0
    388	0210			     mov3temp:
    389	0210  80 E4 07			     and ah, 00000111b
    390	0213  88 26 0420r		     mov reg, ah
    391	0217  D0 26 0420r D0 26	  +	     shl reg, 3d
    392	      0420r D0 26 0420r
    393	0223  80 26 0420r 38		     and reg, 00111000b
    394	0228  43			     inc bx
    395	0229  8A 27			     mov ah, [bx]
    396	022B  E8 0E3E			     call printhex
    397	022E  C6 06 041Dr 01		     mov d, 1
    398	0233  C6 06 041Ar 07		     mov komanda, 7
    399
Turbo Assembler	 Version 3.1	    01/04/21 19:57:59	    Page 8
disasm1.ASM



    400	0238  80 3E 041Er 00		     cmp w, 0
    401	023D  75 03			     jne mov3w1temp
    402	023F  E9 018B			     jmp w0
    403	0242			     mov3w1temp:
    404	0242  E9 01D8			     jmp w1
    405	0245			     mov40:
    406	0245  C6 06 041Ar 01		     mov komanda, 1
    407
    408	024A  B1 00			     mov cl, 0
    409	024C  88 0E 041Er		     mov w, cl
    410	0250  C7 06 0425r 5841		     mov operandas1, "XA"
    411	0256  43			     inc bx
    412	0257  8A 27			     mov ah, [bx]
    413	0259  E8 0E10			     call printhex
    414	025C  8A 26 043Dr		     mov ah, hexnum
    415	0260  A3 0427r			     mov operandas2, ax
    416	0263  8A 27			     mov ah, [bx]
    417
    418	0265  E9 00C2			     jmp movadresavimobaitas
    419	0268			     mov41:
    420	0268  C6 06 041Ar 01		     mov komanda, 1
    421
    422	026D  B1 01			     mov cl, 1
    423	026F  88 0E 041Dr		     mov d, cl
    424	0273  88 0E 041Er		     mov w, cl
    425
    426	0277  E9 00B0			     jmp movadresavimobaitas
    427	027A			     mov50:
    428	027A  C6 06 041Ar 01		     mov komanda, 1
    429
    430	027F  B1 01			     mov cl, 1
    431	0281  88 0E 041Dr		     mov d, cl
    432	0285  88 0E 041Er		     mov w, cl
    433
    434	0289  E9 009E			     jmp movadresavimobaitas
    435	028C			     mov51:
    436	028C  C6 06 041Ar 01		     mov komanda, 1
    437
    438	0291  B1 01			     mov cl, 1
    439	0293  88 0E 041Dr		     mov d, cl
    440	0297  88 0E 041Er		     mov w, cl
    441
    442	029B  E9 008C			     jmp movadresavimobaitas
    443	029E			     mov60:
    444	029E  C6 06 041Ar 01		     mov komanda, 1
    445
    446	02A3  B1 01			     mov cl, 1
    447	02A5  88 0E 041Dr		     mov d, cl
    448	02A9  88 0E 041Er		     mov w, cl
    449
    450	02AD  EB 7B 90			     jmp movadresavimobaitas
    451	02B0			     mov61:
    452	02B0  C6 06 041Ar 01		     mov komanda, 1
    453
    454	02B5  B1 01			     mov cl, 1
    455	02B7  88 0E 041Dr		     mov d, cl
    456	02BB  88 0E 041Er		     mov w, cl
Turbo Assembler	 Version 3.1	    01/04/21 19:57:59	    Page 9
disasm1.ASM



    457
    458	02BF  EB 69 90			     jmp movadresavimobaitas
    459
    460	02C2			     not0:
    461	02C2  C6 06 041Ar 02		     mov komanda, 2
    462
    463	02C7  B1 00			     mov cl, 0
    464	02C9  88 0E 041Er		     mov w, cl
    465	02CD  E9 00AE			     jmp notadresavimobaitas
    466	02D0			     not1:
    467	02D0  C6 06 041Ar 02		     mov komanda, 2
    468
    469	02D5  B1 01			     mov cl, 1
    470	02D7  88 0E 041Er		     mov w, cl
    471	02DB  E9 00A0			     jmp notadresavimobaitas
    472	02DE			     xlat1:
    473	02DE  C6 06 041Ar 03		     mov komanda, 3
    474
    475	02E3  E9 0950			     jmp komandos
    476	02E6			     rcr00:
    477	02E6  C6 06 041Ar 04		     mov komanda, 4
    478
    479	02EB  B1 00			     mov cl, 0
    480	02ED  88 0E 041Er		     mov w, cl
    481
    482	02F1  E9 00B4			     jmp rcradresavimobaitas
    483	02F4			     rcr01:
    484	02F4  C6 06 041Ar 04		     mov komanda, 4
    485
    486	02F9  B1 01			     mov cl, 1
    487	02FB  88 0E 041Er		     mov w, cl
    488
    489	02FF  E9 00A6			     jmp rcradresavimobaitas
    490
    491	0302			     rcr10:
    492	0302  C6 06 041Ar 05		     mov komanda, 5
    493
    494	0307  B1 00			     mov cl, 0
    495	0309  88 0E 041Er		     mov w, cl
    496
    497	030D  C7 06 0427r 4C43		     mov operandas2, "LC"
    498	0313  E9 0092			     jmp rcradresavimobaitas
    499	0316			     rcr11:
    500	0316  C6 06 041Ar 05		     mov komanda, 5
    501
    502	031B  B1 01			     mov cl, 1
    503	031D  88 0E 041Er		     mov w, cl
    504	0321  C7 06 0427r 4C43		     mov operandas2, "LC"
    505	0327  EB 7F 90			     jmp rcradresavimobaitas
    506
    507	032A			     movadresavimobaitas:
    508	032A  43			     inc bx
    509
    510	032B  8A 27			     mov ah, [bx]
    511	032D  E8 0D3C			     call printhex
    512
    513	0330  8A 27			     mov ah, [bx]
Turbo Assembler	 Version 3.1	    01/04/21 19:57:59	    Page 10
disasm1.ASM



    514	0332  80 E4 C0			     and ah, 11000000b
    515	0335  88 26 041Fr		     mov modd, ah
    516
    517	0339  8A 27			     mov ah, [bx]
    518	033B  80 E4 38			     and ah, 00111000b
    519	033E  88 26 0420r		     mov reg, ah
    520
    521	0342  8A 27			     mov ah, [bx]
    522	0344  80 E4 07			     and ah, 00000111b
    523	0347  88 26 0421r		     mov rm, ah
    524
    525	034B  80 3E 041Er 00		     cmp w, 0
    526	0350  74 7B			     je	w0
    527	0352  E9 00C8			     jmp w1
    528
    529	0355			     movadresavimobaitas2:
    530	0355  43			     inc bx
    531
    532	0356  8A 27			     mov ah, [bx]
    533	0358  E8 0D11			     call printhex
    534
    535	035B  8A 27			     mov ah, [bx]
    536	035D  80 E4 C0			     and ah, 11000000b
    537	0360  88 26 041Fr		     mov modd, ah
    538
    539	0364  80 E4 00			     and ah, 00000000b
    540	0367  88 26 0420r		     mov reg, ah
    541
    542	036B  8A 27			     mov ah, [bx]
    543	036D  80 E4 07			     and ah, 00000111b
    544	0370  88 26 0421r		     mov rm, ah
    545
    546	0374  80 3E 041Er 00		     cmp w, 0
    547	0379  74 52			     je	w0
    548	037B  E9 009F			     jmp w1
    549
    550	037E			     notadresavimobaitas:
    551	037E  43			     inc bx
    552
    553	037F  8A 27			     mov ah, [bx]
    554	0381  E8 0CE8			     call printhex
    555
    556	0384  8A 27			     mov ah, [bx]
    557	0386  80 E4 C0			     and ah, 11000000b
    558	0389  88 26 041Fr		     mov modd, ah
    559
    560	038D  C6 06 0420r 10		     mov reg, 00010000b
    561
    562	0392  8A 27			     mov ah, [bx]
    563	0394  80 E4 07			     and ah, 00000111b
    564	0397  88 26 0421r		     mov rm, ah
    565
    566	039B  C6 06 041Dr 00		     mov d, 0
    567	03A0  C6 06 041Ar 02		     mov komanda, 2
    568	03A5  E9 023D			     jmp operandai2
    569
    570	03A8			     rcradresavimobaitas:
Turbo Assembler	 Version 3.1	    01/04/21 19:57:59	    Page 11
disasm1.ASM



    571	03A8  43			     inc bx
    572
    573	03A9  8A 27			     mov ah, [bx]
    574	03AB  E8 0CBE			     call printhex
    575
    576	03AE  8A 27			     mov ah, [bx]
    577	03B0  80 E4 C0			     and ah, 11000000b
    578	03B3  88 26 041Fr		     mov modd, ah
    579
    580	03B7  C6 06 0420r 18		     mov reg, 00011000b
    581
    582	03BC  8A 27			     mov ah, [bx]
    583	03BE  80 E4 07			     and ah, 00000111b
    584	03C1  88 26 0421r		     mov rm, ah
    585
    586	03C5  C6 06 041Dr 00		     mov d, 0
    587	03CA  E9 0218			     jmp operandai2
    588
    589	03CD			     w0:  ;------------------------------------- w=0, tikrina reg ---------------------------
    590	03CD  80 3E 0420r 00		     cmp reg, 00000000b
    591	03D2  75 03			     jne persoka1
    592	03D4  E9 0096			     jmp reg000w0
    593	03D7			     persoka1:
    594	03D7  80 3E 0420r 08		     cmp reg, 00001000b
    595	03DC  75 03			     jne persoka2
    596	03DE  E9 00A2			     jmp reg001w0
    597	03E1			     persoka2:
    598	03E1  80 3E 0420r 10		     cmp reg, 00010000b
    599	03E6  75 03			     jne persoka3
    600	03E8  E9 00AE			     jmp reg010w0
    601	03EB			     persoka3:
    602	03EB  80 3E 0420r 18		     cmp reg, 00011000b
    603	03F0  75 03			     jne persoka4
    604	03F2  E9 00BA			     jmp reg011w0
    605	03F5			     persoka4:
    606	03F5  80 3E 0420r 20		     cmp reg, 00100000b
    607	03FA  75 03			     jne persoka5
    608	03FC  E9 00C6			     jmp reg100w0
    609	03FF			     persoka5:
    610	03FF  80 3E 0420r 28		     cmp reg, 00101000b
    611	0404  75 03			     jne persoka6
    612	0406  E9 00D2			     jmp reg101w0
    613	0409			     persoka6:
    614	0409  80 3E 0420r 30		     cmp reg, 00110000b
    615	040E  75 03			     jne persoka7
    616	0410  E9 00DE			     jmp reg110w0
    617	0413			     persoka7:
    618	0413  80 3E 0420r 38		     cmp reg, 00111000b
    619	0418  75 03			     jne persoka8
    620	041A  E9 00EA			     jmp reg111w0
    621	041D			     persoka8:
    622
    623	041D			     w1: ;-------------------------------------	w=1, tikrina reg ---------------------------
    624	041D  80 3E 0420r 00		     cmp reg, 00000000b
    625	0422  75 03			     jne persoka11
    626	0424  E9 00F6			     jmp reg000w1
    627	0427			     persoka11:
Turbo Assembler	 Version 3.1	    01/04/21 19:57:59	    Page 12
disasm1.ASM



    628	0427  80 3E 0420r 08		     cmp reg, 00001000b
    629	042C  75 03			     jne persoka12
    630	042E  E9 0105			     jmp reg001w1
    631	0431			     persoka12:
    632	0431  80 3E 0420r 10		     cmp reg, 00010000b
    633	0436  75 03			     jne persoka13
    634	0438  E9 0114			     jmp reg010w1
    635	043B			     persoka13:
    636	043B  80 3E 0420r 18		     cmp reg, 00011000b
    637	0440  75 03			     jne persoka14
    638	0442  E9 0123			     jmp reg011w1
    639	0445			     persoka14:
    640	0445  80 3E 0420r 20		     cmp reg, 00100000b
    641	044A  75 03			     jne persoka15
    642	044C  E9 0132			     jmp reg100w1
    643	044F			     persoka15:
    644	044F  80 3E 0420r 28		     cmp reg, 00101000b
    645	0454  75 03			     jne persoka16
    646	0456  E9 0141			     jmp reg101w1
    647	0459			     persoka16:
    648	0459  80 3E 0420r 30		     cmp reg, 00110000b
    649	045E  75 03			     jne persoka17
    650	0460  E9 0150			     jmp reg110w1
    651	0463			     persoka17:
    652	0463  80 3E 0420r 38		     cmp reg, 00111000b
    653	0468  75 03			     jne persoka18
    654	046A  E9 015F			     jmp reg111w1
    655	046D			     persoka18:
    656
    657	046D			     reg000w0: ;--------------------------- w=0, priskiria reiksme pagal reg ---------------
    658	046D  80 3E 041Dr 01		     cmp d, 1
    659	0472  75 06			     jne ne0000
    660	0474  C7 06 0425r 4C41		     mov operandas1, "LA"
    661	047A			     ne0000:
    662	047A  C7 06 0427r 4C41		     mov operandas2, "LA"
    663	0480  E9 0162			     jmp operandai2
    664
    665	0483			     reg001w0:
    666	0483  80 3E 041Dr 01		     cmp d, 1
    667	0488  75 06			     jne ne0010
    668	048A  C7 06 0425r 4C43		     mov operandas1, "LC"
    669	0490			     ne0010:
    670	0490  C7 06 0427r 4C43		     mov operandas2, "LC"
    671	0496  E9 014C			     jmp operandai2
    672
    673	0499			     reg010w0:
    674	0499  80 3E 041Dr 01		     cmp d, 1
    675	049E  75 06			     jne ne0100
    676	04A0  C7 06 0425r 4C44		     mov operandas1, "LD"
    677	04A6			     ne0100:
    678	04A6  C7 06 0427r 4C44		     mov operandas2, "LD"
    679	04AC  E9 0136			     jmp operandai2
    680
    681	04AF			     reg011w0:
    682	04AF  80 3E 041Dr 01		     cmp d, 1
    683	04B4  75 06			     jne ne0110
    684	04B6  C7 06 0425r 4C42		     mov operandas1, "LB"
Turbo Assembler	 Version 3.1	    01/04/21 19:57:59	    Page 13
disasm1.ASM



    685	04BC			     ne0110:
    686	04BC  C7 06 0427r 4C42		     mov operandas2, "LB"
    687	04C2  E9 0120			     jmp operandai2
    688
    689	04C5			     reg100w0:
    690	04C5  80 3E 041Dr 01		     cmp d, 1
    691	04CA  75 06			     jne ne1000
    692	04CC  C7 06 0425r 4841		     mov operandas1, "HA"
    693	04D2			     ne1000:
    694	04D2  C7 06 0427r 4841		     mov operandas2, "HA"
    695	04D8  E9 010A			     jmp operandai2
    696
    697	04DB			     reg101w0:
    698	04DB  80 3E 041Dr 01		     cmp d, 1
    699	04E0  75 06			     jne ne1010
    700	04E2  C7 06 0425r 4843		     mov operandas1, "HC"
    701	04E8			     ne1010:
    702	04E8  C7 06 0427r 4843		     mov operandas2, "HC"
    703	04EE  E9 00F4			     jmp operandai2
    704
    705	04F1			     reg110w0:
    706	04F1  80 3E 041Dr 01		     cmp d, 1
    707	04F6  75 06			     jne ne1100
    708	04F8  C7 06 0425r 4844		     mov operandas1, "HD"
    709	04FE			     ne1100:
    710	04FE  C7 06 0427r 4844		     mov operandas2, "HD"
    711	0504  E9 00DE			     jmp operandai2
    712
    713	0507			     reg111w0:
    714	0507  80 3E 041Dr 01		     cmp d, 1
    715	050C  75 06			     jne ne1110
    716	050E  C7 06 0425r 4842		     mov operandas1, "HB"
    717	0514			     ne1110:
    718	0514  C7 06 0427r 4842		     mov operandas2, "HB"
    719	051A  E9 00C8			     jmp operandai2
    720
    721	051D			     reg000w1: ;--------------------------- w=1, priskiria reiksme pagal reg ---------------
    722	051D  80 3E 041Dr 01		     cmp d, 1
    723	0522  75 09			     jne ne0001
    724	0524  C7 06 0425r 5841		     mov operandas1, "XA"
    725	052A  E9 00B8				     jmp operandai2
    726	052D			     ne0001:
    727	052D  C7 06 0427r 5841		     mov operandas2, "XA"
    728	0533  E9 00AF			     jmp operandai2
    729
    730	0536			     reg001w1:
    731	0536  80 3E 041Dr 01		     cmp d, 1
    732	053B  75 09			     jne ne0011
    733	053D  C7 06 0425r 5843		     mov operandas1, "XC"
    734	0543  E9 009F				     jmp operandai2
    735	0546			     ne0011:
    736	0546  C7 06 0427r 5843		     mov operandas2, "XC"
    737	054C  E9 0096			     jmp operandai2
    738
    739	054F			     reg010w1:
    740	054F  80 3E 041Dr 01		     cmp d, 1
    741	0554  75 09			     jne ne0101
Turbo Assembler	 Version 3.1	    01/04/21 19:57:59	    Page 14
disasm1.ASM



    742	0556  C7 06 0425r 5844		     mov operandas1, "XD"
    743	055C  E9 0086				     jmp operandai2
    744	055F			     ne0101:
    745	055F  C7 06 0427r 5844		     mov operandas2, "XD"
    746	0565  EB 7E 90			     jmp operandai2
    747
    748	0568			     reg011w1:
    749	0568  80 3E 041Dr 01		     cmp d, 1
    750	056D  75 09			     jne ne0111
    751	056F  C7 06 0425r 4258		     mov operandas1, "BX"
    752	0575  EB 6E 90				     jmp operandai2
    753	0578			     ne0111:
    754	0578  C7 06 0427r 4258		     mov operandas2, "BX"
    755	057E  EB 65 90			     jmp operandai2
    756
    757	0581			     reg100w1:
    758	0581  80 3E 041Dr 01		     cmp d, 1
    759	0586  75 09			     jne ne1001
    760	0588  C7 06 0425r 5053		     mov operandas1, "PS"
    761	058E  EB 55 90				     jmp operandai2
    762	0591			     ne1001:
    763	0591  C7 06 0427r 5053		     mov operandas2, "PS"
    764	0597  EB 4C 90			     jmp operandai2
    765
    766	059A			     reg101w1:
    767	059A  80 3E 041Dr 01		     cmp d, 1
    768	059F  75 09			     jne ne1011
    769	05A1  C7 06 0425r 4250		     mov operandas1, "BP"
    770	05A7  EB 3C 90				     jmp operandai2
    771	05AA			     ne1011:
    772	05AA  C7 06 0427r 4250		     mov operandas2, "BP"
    773	05B0  EB 33 90			     jmp operandai2
    774
    775	05B3			     reg110w1:
    776	05B3  80 3E 041Dr 01		     cmp d, 1
    777	05B8  75 09			     jne ne1101
    778	05BA  C7 06 0425r 4953		     mov operandas1, "IS"
    779	05C0  EB 23 90				     jmp operandai2
    780	05C3			     ne1101:
    781	05C3  C7 06 0427r 4953		     mov operandas2, "IS"
    782	05C9  EB 1A 90			     jmp operandai2
    783
    784	05CC			     reg111w1:
    785	05CC  80 3E 041Dr 01		     cmp d, 1
    786	05D1  75 09			     jne ne1111
    787	05D3  C7 06 0425r 4449		     mov operandas1, "DI"
    788	05D9  EB 0A 90				     jmp operandai2
    789	05DC			     ne1111:
    790	05DC  C7 06 0427r 4449		     mov operandas2, "DI"
    791	05E2  EB 01 90			     jmp operandai2
    792
    793
    794	05E5			     operandai2: ;--------------------------------SURADO VIENA,	IESKO				    +
    795				     KITO------------------------------
    796	05E5  80 3E 041Ar 07		     cmp komanda, 7
    797	05EA  75 03			     jne persoka0
    798	05EC  E9 083E			     jmp movkonstanta
Turbo Assembler	 Version 3.1	    01/04/21 19:57:59	    Page 15
disasm1.ASM



    799	05EF			     persoka0:
    800	05EF  80 3E 041Fr 00		     cmp modd, 00000000b
    801	05F4  75 03			     jne persokamod1
    802	05F6  EB 1F 90			     jmp mod00
    803	05F9			     persokamod1:
    804	05F9  80 3E 041Fr 40		     cmp modd, 01000000b
    805	05FE  75 03			     jne persokamod2
    806	0600  EB 65 90			     jmp mod01
    807	0603			     persokamod2:
    808	0603  80 3E 041Fr 80		     cmp modd, 10000000b
    809	0608  75 03			     jne persokamod3
    810	060A  E9 00AA			     jmp mod10
    811	060D			     persokamod3:
    812	060D  80 3E 041Fr C0		     cmp modd, 11000000b
    813	0612  75 03			     jne persokamod4
    814	0614  E9 00F0			     jmp mod11
    815	0617			     persokamod4:
    816
    817	0617			     mod00:
    818	0617  80 3E 0421r 00		     cmp rm, 00000000b
    819	061C  75 03			     jne persoka21
    820	061E  E9 018D			     jmp rm000mod00
    821	0621			     persoka21:
    822	0621  80 3E 0421r 01		     cmp rm, 00000001b
    823	0626  75 03			     jne persoka22
    824	0628  E9 019C			     jmp rm001mod00
    825	062B			     persoka22:
    826	062B  80 3E 0421r 02		     cmp rm, 00000010b
    827	0630  75 03			     jne persoka23
    828	0632  E9 01AB			     jmp rm010mod00
    829	0635			     persoka23:
    830	0635  80 3E 0421r 03		     cmp rm, 00000011b
    831	063A  75 03			     jne persoka24
    832	063C  E9 01BA			     jmp rm011mod00
    833	063F			     persoka24:
    834	063F  80 3E 0421r 04		     cmp rm, 00000100b
    835	0644  75 03			     jne persoka25
    836	0646  E9 01C9			     jmp rm100mod00
    837	0649			     persoka25:
    838	0649  80 3E 0421r 05		     cmp rm, 00000101b
    839	064E  75 03			     jne persoka26
    840	0650  E9 01D8			     jmp rm101mod00
    841	0653			     persoka26:
    842	0653  80 3E 0421r 06		     cmp rm, 00000110b
    843	0658  75 03			     jne persoka27
    844	065A  E9 01E7			     jmp rm110mod00
    845	065D			     persoka27:
    846	065D  80 3E 0421r 07		     cmp rm, 00000111b
    847	0662  75 03			     jne persoka28
    848	0664  E9 01F6			     jmp rm111mod00
    849	0667			     persoka28:
    850				     ;---------------------------------------------------- mod = 01				    +
    851				     -----------------------------------
    852	0667			     mod01:
    853	0667  80 3E 0421r 00		     cmp rm, 00000000b
    854	066C  75 03			     jne persoka31
    855	066E  E9 0205			     jmp rm000mod01
Turbo Assembler	 Version 3.1	    01/04/21 19:57:59	    Page 16
disasm1.ASM



    856	0671			     persoka31:
    857	0671  80 3E 0421r 01		     cmp rm, 00000001b
    858	0676  75 03			     jne persoka32
    859	0678  E9 0230			     jmp rm001mod01
    860	067B			     persoka32:
    861	067B  80 3E 0421r 02		     cmp rm, 00000010b
    862	0680  75 03			     jne persoka33
    863	0682  E9 025B			     jmp rm010mod01
    864	0685			     persoka33:
    865	0685  80 3E 0421r 03		     cmp rm, 00000011b
    866	068A  75 03			     jne persoka34
    867	068C  E9 0286			     jmp rm011mod01
    868	068F			     persoka34:
    869	068F  80 3E 0421r 04		     cmp rm, 00000100b
    870	0694  75 03			     jne persoka35
    871	0696  E9 02B1			     jmp rm100mod01
    872	0699			     persoka35:
    873	0699  80 3E 0421r 05		     cmp rm, 00000101b
    874	069E  75 03			     jne persoka36
    875	06A0  E9 02CC			     jmp rm101mod01
    876	06A3			     persoka36:
    877	06A3  80 3E 0421r 06		     cmp rm, 00000110b
    878	06A8  75 03			     jne persoka37
    879	06AA  E9 02F7			     jmp rm110mod01
    880	06AD			     persoka37:
    881	06AD  80 3E 0421r 07		     cmp rm, 00000111b
    882	06B2  75 03			     jne persoka38
    883	06B4  E9 0322			     jmp rm111mod01
    884	06B7			     persoka38:
    885				     ;-------------------------------------------------- mod = 10				    +
    886				     ---------------------------------------
    887	06B7			     mod10:
    888	06B7  80 3E 0421r 00		     cmp rm, 00000000b
    889	06BC  75 03			     jne persoka41
    890	06BE  E9 034D			     jmp rm000mod10
    891	06C1			     persoka41:
    892	06C1  80 3E 0421r 01		     cmp rm, 00000001b
    893	06C6  75 03			     jne persoka42
    894	06C8  E9 0356			     jmp rm001mod10
    895	06CB			     persoka42:
    896	06CB  80 3E 0421r 02		     cmp rm, 00000010b
    897	06D0  75 03			     jne persoka43
    898	06D2  E9 035F			     jmp rm010mod10
    899	06D5			     persoka43:
    900	06D5  80 3E 0421r 03		     cmp rm, 00000011b
    901	06DA  75 03			     jne persoka44
    902	06DC  E9 0368			     jmp rm011mod10
    903	06DF			     persoka44:
    904	06DF  80 3E 0421r 04		     cmp rm, 00000100b
    905	06E4  75 03			     jne persoka45
    906	06E6  E9 0371			     jmp rm100mod10
    907	06E9			     persoka45:
    908	06E9  80 3E 0421r 05		     cmp rm, 00000101b
    909	06EE  75 03			     jne persoka46
    910	06F0  E9 037A			     jmp rm101mod10
    911	06F3			     persoka46:
    912	06F3  80 3E 0421r 06		     cmp rm, 00000110b
Turbo Assembler	 Version 3.1	    01/04/21 19:57:59	    Page 17
disasm1.ASM



    913	06F8  75 03			     jne persoka47
    914	06FA  E9 0383			     jmp rm110mod10
    915	06FD			     persoka47:
    916	06FD  80 3E 0421r 07		     cmp rm, 00000111b
    917	0702  75 03			     jne persoka48
    918	0704  E9 038C			     jmp rm111mod10
    919	0707			     persoka48:
    920				     ;--------------------------------------------- mod	= 11, w	= 0				    +
    921				     -------------------------------------
    922	0707			     mod11:
    923	0707  80 3E 041Er 01		     cmp w, 1
    924	070C  74 50			     je	mod11w1
    925
    926	070E  80 3E 0421r 00		     cmp rm, 00000000b
    927	0713  75 03			     jne persoka51
    928	0715  E9 038E			     jmp rm000mod11
    929	0718			     persoka51:
    930	0718  80 3E 0421r 01		     cmp rm, 00000001b
    931	071D  75 03			     jne persoka52
    932	071F  E9 039D			     jmp rm001mod11
    933	0722			     persoka52:
    934	0722  80 3E 0421r 02		     cmp rm, 00000010b
    935	0727  75 03			     jne persoka53
    936	0729  E9 03AC			     jmp rm010mod11
    937	072C			     persoka53:
    938	072C  80 3E 0421r 03		     cmp rm, 00000011b
    939	0731  75 03			     jne persoka54
    940	0733  E9 03BB			     jmp rm011mod11
    941	0736			     persoka54:
    942	0736  80 3E 0421r 04		     cmp rm, 00000100b
    943	073B  75 03			     jne persoka55
    944	073D  E9 03CA			     jmp rm100mod11
    945	0740			     persoka55:
    946	0740  80 3E 0421r 05		     cmp rm, 00000101b
    947	0745  75 03			     jne persoka56
    948	0747  E9 03D9			     jmp rm101mod11
    949	074A			     persoka56:
    950	074A  80 3E 0421r 06		     cmp rm, 00000110b
    951	074F  75 03			     jne persoka57
    952	0751  E9 03E8			     jmp rm110mod11
    953	0754			     persoka57:
    954	0754  80 3E 0421r 07		     cmp rm, 00000111b
    955	0759  75 03			     jne persoka58
    956	075B  E9 03F7			     jmp rm111mod11
    957	075E			     persoka58:
    958				     ;----------------------------------------------- mod = 11,	w = 1				    +
    959				     --------------------------------
    960	075E			     mod11w1:
    961	075E  80 3E 0421r 00		     cmp rm, 00000000b
    962	0763  75 03			     jne persoka61
    963	0765  E9 0406			     jmp rm000mod11w1
    964	0768			     persoka61:
    965	0768  80 3E 0421r 01		     cmp rm, 00000001b
    966	076D  75 03			     jne persoka62
    967	076F  E9 0415			     jmp rm001mod11w1
    968	0772			     persoka62:
    969	0772  80 3E 0421r 02		     cmp rm, 00000010b
Turbo Assembler	 Version 3.1	    01/04/21 19:57:59	    Page 18
disasm1.ASM



    970	0777  75 03			     jne persoka63
    971	0779  E9 0424			     jmp rm010mod11w1
    972	077C			     persoka63:
    973	077C  80 3E 0421r 03		     cmp rm, 00000011b
    974	0781  75 03			     jne persoka64
    975	0783  E9 0433			     jmp rm011mod11w1
    976	0786			     persoka64:
    977	0786  80 3E 0421r 04		     cmp rm, 00000100b
    978	078B  75 03			     jne persoka65
    979	078D  E9 0442			     jmp rm100mod11w1
    980	0790			     persoka65:
    981	0790  80 3E 0421r 05		     cmp rm, 00000101b
    982	0795  75 03			     jne persoka66
    983	0797  E9 0451			     jmp rm101mod11w1
    984	079A			     persoka66:
    985	079A  80 3E 0421r 06		     cmp rm, 00000110b
    986	079F  75 03			     jne persoka67
    987	07A1  E9 0460			     jmp rm110mod11w1
    988	07A4			     persoka67:
    989	07A4  80 3E 0421r 07		     cmp rm, 00000111b
    990	07A9  75 03			     jne persoka68
    991	07AB  E9 046F			     jmp rm111mod11w1
    992	07AE			     persoka68:
    993
    994				     ;--------------------------------------------------------------------------------------
    995
    996	07AE			     rm000mod00: ;---------------------------------------------	MOD=00 --------------------
    997	07AE  80 3E 041Dr 00		     cmp d, 0
    998	07B3  75 09			     jne ne000
    999	07B5  C7 06 0425r 5842		     mov operandas1, "XB"
   1000	07BB  E9 0478			     jmp komandos
   1001	07BE			     ne000:
   1002	07BE  C7 06 0427r 5842		     mov operandas2, "XB"
   1003	07C4  E9 046F			     jmp komandos
   1004
   1005	07C7			     rm001mod00:
   1006	07C7  80 3E 041Dr 00		     cmp d, 0
   1007	07CC  75 09			     jne ne001
   1008	07CE  C7 06 0425r 5842		     mov operandas1, "XB"
   1009	07D4  E9 045F			     jmp komandos
   1010	07D7			     ne001:
   1011	07D7  C7 06 0427r 5842		     mov operandas2, "XB"
   1012	07DD  E9 0456			     jmp komandos
   1013
   1014	07E0			     rm010mod00:
   1015	07E0  80 3E 041Dr 00		     cmp d, 0
   1016	07E5  75 09			     jne ne002
   1017	07E7  C7 06 0425r 5042		     mov operandas1, "PB"
   1018	07ED  E9 0446			     jmp komandos
   1019	07F0			     ne002:
   1020	07F0  C7 06 0427r 5042		     mov operandas2, "PB"
   1021	07F6  E9 043D			     jmp komandos
   1022
   1023	07F9			     rm011mod00:
   1024	07F9  80 3E 041Dr 00		     cmp d, 0
   1025	07FE  75 09			     jne ne003
   1026	0800  C7 06 0425r 5042		     mov operandas1, "PB"
Turbo Assembler	 Version 3.1	    01/04/21 19:57:59	    Page 19
disasm1.ASM



   1027	0806  E9 042D			     jmp komandos
   1028	0809			     ne003:
   1029	0809  C7 06 0427r 5042		     mov operandas2, "PB"
   1030	080F  E9 0424			     jmp komandos
   1031
   1032	0812			     rm100mod00:
   1033	0812  80 3E 041Dr 00		     cmp d, 0
   1034	0817  75 09			     jne ne004
   1035	0819  C7 06 0425r 4953		     mov operandas1, "IS"
   1036	081F  E9 0414			     jmp komandos
   1037	0822			     ne004:
   1038	0822  C7 06 0427r 4953		     mov operandas2, "IS"
   1039	0828  E9 040B			     jmp komandos
   1040
   1041	082B			     rm101mod00:
   1042	082B  80 3E 041Dr 00		     cmp d, 0
   1043	0830  75 09			     jne ne005
   1044	0832  C7 06 0425r 4944		     mov operandas1, "ID"
   1045	0838  E9 03FB			     jmp komandos
   1046	083B			     ne005:
   1047	083B  C7 06 0427r 4944		     mov operandas2, "ID"
   1048	0841  E9 03F2			     jmp komandos
   1049
   1050	0844			     rm110mod00:
   1051	0844  80 3E 041Dr 00		     cmp d, 0
   1052	0849  75 09			     jne ne006
   1053	084B  C7 06 0425r 2121		     mov operandas1, "!!"
   1054	0851  E9 03E2			     jmp komandos
   1055	0854			     ne006:
   1056	0854  C7 06 0427r 2121		     mov operandas2, "!!"
   1057	085A  E9 03D9			     jmp komandos
   1058
   1059	085D			     rm111mod00:
   1060	085D  80 3E 041Dr 00		     cmp d, 0
   1061	0862  75 09			     jne ne007
   1062	0864  C7 06 0425r 5842		     mov operandas1, "XB"
   1063	086A  E9 03C9			     jmp komandos
   1064	086D			     ne007:
   1065	086D  C7 06 0427r 5842		     mov operandas2, "XB"
   1066	0873  E9 03C0			     jmp komandos
   1067
   1068	0876			     rm000mod01: ;---------------------------------------------	MOD=01 --------------------
   1069	0876  80 3E 041Dr 00		     cmp d, 0
   1070	087B  75 17			     jne ne010
   1071	087D  C7 06 0425r 5842		     mov operandas1, "XB"
   1072
   1073	0883  43			     inc bx
   1074	0884  8A 27			     mov ah, [bx]
   1075	0886  E8 07E3			     call printhex
   1076	0889  8A 26 043Dr		     mov ah, hexnum
   1077	088D  88 26 0422r		     mov poslinkis1, ah
   1078
   1079	0891  E9 069E			     jmp suposlinkiu
   1080	0894			     ne010:
   1081	0894  C7 06 0427r 5842		     mov operandas2, "XB"
   1082
   1083	089A  43			     inc bx
Turbo Assembler	 Version 3.1	    01/04/21 19:57:59	    Page 20
disasm1.ASM



   1084	089B  8A 27			     mov ah, [bx]
   1085	089D  E8 07CC			     call printhex
   1086	08A0  8A 26 043Dr		     mov ah, hexnum
   1087	08A4  88 26 0422r		     mov poslinkis1, ah
   1088
   1089	08A8  E9 0687			     jmp suposlinkiu
   1090
   1091	08AB			     rm001mod01:
   1092	08AB  80 3E 041Dr 00		     cmp d, 0
   1093	08B0  75 17			     jne ne011
   1094	08B2  C7 06 0425r 5842		     mov operandas1, "XB"
   1095
   1096	08B8  43			     inc bx
   1097	08B9  8A 27			     mov ah, [bx]
   1098	08BB  E8 07AE			     call printhex
   1099	08BE  8A 26 043Dr		     mov ah, hexnum
   1100	08C2  88 26 0422r		     mov poslinkis1, ah
   1101
   1102	08C6  E9 0669			     jmp suposlinkiu
   1103	08C9			     ne011:
   1104	08C9  C7 06 0427r 5842		     mov operandas2, "XB"
   1105
   1106	08CF  43			     inc bx
   1107	08D0  8A 27			     mov ah, [bx]
   1108	08D2  E8 0797			     call printhex
   1109	08D5  8A 26 043Dr		     mov ah, hexnum
   1110	08D9  88 26 0422r		     mov poslinkis1, ah
   1111
   1112	08DD  E9 0652			     jmp suposlinkiu
   1113
   1114	08E0			     rm010mod01:
   1115	08E0  80 3E 041Dr 00		     cmp d, 0
   1116	08E5  75 17			     jne ne012
   1117	08E7  C7 06 0425r 5042		     mov operandas1, "PB"
   1118
   1119	08ED  43			     inc bx
   1120	08EE  8A 27			     mov ah, [bx]
   1121	08F0  E8 0779			     call printhex
   1122	08F3  8A 26 043Dr		     mov ah, hexnum
   1123	08F7  88 26 0422r		     mov poslinkis1, ah
   1124
   1125	08FB  E9 0634			     jmp suposlinkiu
   1126	08FE			     ne012:
   1127	08FE  C7 06 0427r 5042		     mov operandas2, "PB"
   1128
   1129	0904  43			     inc bx
   1130	0905  8A 27			     mov ah, [bx]
   1131	0907  E8 0762			     call printhex
   1132	090A  8A 26 043Dr		     mov ah, hexnum
   1133	090E  88 26 0422r		     mov poslinkis1, ah
   1134
   1135	0912  E9 061D			     jmp suposlinkiu
   1136
   1137	0915			     rm011mod01:
   1138	0915  80 3E 041Dr 00		     cmp d, 0
   1139	091A  75 17			     jne ne013
   1140	091C  C7 06 0425r 5042		     mov operandas1, "PB"
Turbo Assembler	 Version 3.1	    01/04/21 19:57:59	    Page 21
disasm1.ASM



   1141
   1142	0922  43			     inc bx
   1143	0923  8A 27			     mov ah, [bx]
   1144	0925  E8 0744			     call printhex
   1145	0928  8A 26 043Dr		     mov ah, hexnum
   1146	092C  88 26 0422r		     mov poslinkis1, ah
   1147
   1148	0930  E9 05FF			     jmp suposlinkiu
   1149	0933			     ne013:
   1150	0933  C7 06 0427r 5042		     mov operandas2, "PB"
   1151
   1152	0939  43			     inc bx
   1153	093A  8A 27			     mov ah, [bx]
   1154	093C  E8 072D			     call printhex
   1155	093F  8A 26 043Dr		     mov ah, hexnum
   1156	0943  88 26 0422r		     mov poslinkis1, ah
   1157
   1158	0947  E9 05E8			     jmp suposlinkiu
   1159
   1160	094A			     rm100mod01:
   1161	094A  80 3E 041Dr 00		     cmp d, 0
   1162	094F  75 0F			     jne ne014
   1163	0951  C7 06 0425r 4953		     mov operandas1, "IS"
   1164
   1165	0957  43			     inc bx
   1166	0958  8A 27			     mov ah, [bx]
   1167	095A  E8 070F			     call printhex
   1168
   1169	095D  E9 05D2			     jmp suposlinkiu
   1170	0960			     ne014:
   1171	0960  C7 06 0427r 4953		     mov operandas2, "IS"
   1172
   1173	0966  43			     inc bx
   1174	0967  8A 27			     mov ah, [bx]
   1175	0969  E8 0700			     call printhex
   1176
   1177	096C  E9 05C3			     jmp suposlinkiu
   1178
   1179	096F			     rm101mod01:
   1180	096F  80 3E 041Dr 00		     cmp d, 0
   1181	0974  75 17			     jne ne015
   1182	0976  C7 06 0425r 4944		     mov operandas1, "ID"
   1183
   1184	097C  43			     inc bx
   1185	097D  8A 27			     mov ah, [bx]
   1186	097F  E8 06EA			     call printhex
   1187	0982  8A 26 043Dr		     mov ah, hexnum
   1188	0986  88 26 0422r		     mov poslinkis1, ah
   1189
   1190	098A  E9 05A5			     jmp suposlinkiu
   1191	098D			     ne015:
   1192	098D  C7 06 0427r 4944		     mov operandas2, "ID"
   1193
   1194	0993  43			     inc bx
   1195	0994  8A 27			     mov ah, [bx]
   1196	0996  E8 06D3			     call printhex
   1197	0999  8A 26 043Dr		     mov ah, hexnum
Turbo Assembler	 Version 3.1	    01/04/21 19:57:59	    Page 22
disasm1.ASM



   1198	099D  88 26 0422r		     mov poslinkis1, ah
   1199
   1200	09A1  E9 058E			     jmp suposlinkiu
   1201
   1202	09A4			     rm110mod01:
   1203	09A4  80 3E 041Dr 00		     cmp d, 0
   1204	09A9  75 17			     jne ne016
   1205	09AB  C7 06 0425r 5042		     mov operandas1, "PB"
   1206
   1207	09B1  43			     inc bx
   1208	09B2  8A 27			     mov ah, [bx]
   1209	09B4  E8 06B5			     call printhex
   1210	09B7  8A 26 043Dr		     mov ah, hexnum
   1211	09BB  88 26 0422r		     mov poslinkis1, ah
   1212
   1213	09BF  E9 0570			     jmp suposlinkiu
   1214	09C2			     ne016:
   1215	09C2  C7 06 0427r 5042		     mov operandas2, "PB"
   1216
   1217	09C8  43			     inc bx
   1218	09C9  8A 27			     mov ah, [bx]
   1219	09CB  E8 069E			     call printhex
   1220	09CE  8A 26 043Dr		     mov ah, hexnum
   1221	09D2  88 26 0422r		     mov poslinkis1, ah
   1222
   1223	09D6  E9 0559			     jmp suposlinkiu
   1224
   1225	09D9			     rm111mod01:
   1226	09D9  80 3E 041Dr 00		     cmp d, 0
   1227	09DE  75 17			     jne ne017
   1228	09E0  C7 06 0425r 5842		     mov operandas1, "XB"
   1229
   1230	09E6  43			     inc bx
   1231	09E7  8A 27			     mov ah, [bx]
   1232	09E9  E8 0680			     call printhex
   1233	09EC  8A 26 043Dr		     mov ah, hexnum
   1234	09F0  88 26 0422r		     mov poslinkis1, ah
   1235
   1236	09F4  E9 053B			     jmp suposlinkiu
   1237	09F7			     ne017:
   1238	09F7  C7 06 0427r 5842		     mov operandas2, "XB"
   1239
   1240	09FD  43			     inc bx
   1241	09FE  8A 27			     mov ah, [bx]
   1242	0A00  E8 0669			     call printhex
   1243	0A03  8A 26 043Dr		     mov ah, hexnum
   1244	0A07  88 26 0422r		     mov poslinkis1, ah
   1245
   1246	0A0B  E9 0524			     jmp suposlinkiu
   1247
   1248	0A0E			     rm000mod10: ;---------------------------------------------	MOD=10 --------------------
   1249	0A0E  80 3E 041Dr 00		     cmp d, 0
   1250	0A13  75 06			     jne ne100
   1251	0A15  C7 06 0425r 5842		     mov operandas1, "XB"
   1252
   1253				     ;	     inc bx
   1254				     ;	     mov ah, [bx]
Turbo Assembler	 Version 3.1	    01/04/21 19:57:59	    Page 23
disasm1.ASM



   1255				     ;	     mov poslinkis21, ah
   1256				     ;	     inc bx
   1257				     ;	     mov ah, [bx]
   1258				     ;	     mov poslinkis22, ah
   1259
   1260				     ;	     jmp suposlinkiu2
   1261	0A1B			     ne100:
   1262	0A1B  C7 06 0427r 5842		     mov operandas2, "XB"
   1263
   1264				     ;	     inc bx
   1265				     ;	     mov ah, [bx]
   1266				     ;	     mov poslinkis21, ah
   1267				     ;	     inc bx
   1268				     ;	     mov ah, [bx]
   1269				     ;	     mov poslinkis22, ah
   1270
   1271				     ;	     jmp suposlinkiu2
   1272
   1273	0A21			     rm001mod10:
   1274	0A21  80 3E 041Dr 00		     cmp d, 0
   1275	0A26  75 06			     jne ne101
   1276	0A28  C7 06 0425r 5842		     mov operandas1, "XB"
   1277
   1278				     ;	     inc bx
   1279				     ;	     mov ah, [bx]
   1280				     ;	     mov poslinkis21, ah
   1281				     ;	     inc bx
   1282				     ;	     mov ah, [bx]
   1283				     ;	     mov poslinkis22, ah
   1284
   1285				     ;	     jmp suposlinkiu2
   1286	0A2E			     ne101:
   1287	0A2E  C7 06 0427r 5842		     mov operandas2, "XB"
   1288
   1289				     ;	     inc bx
   1290				     ;	     mov ah, [bx]
   1291				     ;	     mov poslinkis21, ah
   1292				     ;	     inc bx
   1293				     ;	     mov ah, [bx]
   1294				     ;	     mov poslinkis22, ah
   1295
   1296				     ;	     jmp suposlinkiu2
   1297
   1298	0A34			     rm010mod10:
   1299	0A34  80 3E 041Dr 00		     cmp d, 0
   1300	0A39  75 06			     jne ne102
   1301	0A3B  C7 06 0425r 5042		     mov operandas1, "PB"
   1302
   1303				     ;	     inc bx
   1304				     ;	     mov ah, [bx]
   1305				     ;	     mov poslinkis21, ah
   1306				     ;	     inc bx
   1307				     ;	     mov ah, [bx]
   1308				     ;	     mov poslinkis22, ah
   1309
   1310				     ;	     jmp suposlinkiu2
   1311	0A41			     ne102:
Turbo Assembler	 Version 3.1	    01/04/21 19:57:59	    Page 24
disasm1.ASM



   1312	0A41  C7 06 0427r 5042		     mov operandas2, "PB"
   1313
   1314				     ;	     inc bx
   1315				     ;	     mov ah, [bx]
   1316				     ;	     mov poslinkis21, ah
   1317				     ;	     inc bx
   1318				     ;	     mov ah, [bx]
   1319				     ;	     mov poslinkis22, ah
   1320
   1321				     ;	     jmp suposlinkiu2
   1322
   1323	0A47			     rm011mod10:
   1324	0A47  80 3E 041Dr 00		     cmp d, 0
   1325	0A4C  75 06			     jne ne103
   1326	0A4E  C7 06 0425r 5042		     mov operandas1, "PB"
   1327
   1328				     ;	     inc bx
   1329				     ;	     mov ah, [bx]
   1330				     ;	     mov poslinkis21, ah
   1331				     ;	     inc bx
   1332				     ;	     mov ah, [bx]
   1333				     ;	     mov poslinkis22, ah
   1334
   1335				     ;	     jmp suposlinkiu2
   1336	0A54			     ne103:
   1337	0A54  C7 06 0427r 5042		     mov operandas2, "PB"
   1338
   1339				     ;	     inc bx
   1340				     ;	     mov ah, [bx]
   1341				     ;	     mov poslinkis21, ah
   1342				     ;	     inc bx
   1343				     ;	     mov ah, [bx]
   1344				     ;	     mov poslinkis22, ah
   1345
   1346				     ;	     jmp suposlinkiu2
   1347
   1348	0A5A			     rm100mod10:
   1349	0A5A  80 3E 041Dr 00		     cmp d, 0
   1350	0A5F  75 06			     jne ne104
   1351	0A61  C7 06 0425r 4953		     mov operandas1, "IS"
   1352
   1353				     ;	     inc bx
   1354				     ;	     mov ah, [bx]
   1355				     ;	     mov poslinkis21, ah
   1356				     ;	     inc bx
   1357				     ;	     mov ah, [bx]
   1358				     ;	     mov poslinkis22, ah
   1359
   1360				     ;	     jmp suposlinkiu2
   1361	0A67			     ne104:
   1362	0A67  C7 06 0427r 4953		     mov operandas2, "IS"
   1363
   1364				     ;	     inc bx
   1365				     ;	     mov ah, [bx]
   1366				     ;	     mov poslinkis21, ah
   1367				     ;	     inc bx
   1368				     ;	     mov ah, [bx]
Turbo Assembler	 Version 3.1	    01/04/21 19:57:59	    Page 25
disasm1.ASM



   1369				     ;	     mov poslinkis22, ah
   1370
   1371				     ;	     jmp suposlinkiu2
   1372
   1373	0A6D			     rm101mod10:
   1374	0A6D  80 3E 041Dr 00		     cmp d, 0
   1375	0A72  75 06			     jne ne105
   1376	0A74  C7 06 0425r 4944		     mov operandas1, "ID"
   1377
   1378				     ;	     inc bx
   1379				     ;	     mov ah, [bx]
   1380				     ;	     mov poslinkis21, ah
   1381				     ;	     inc bx
   1382				     ;	     mov ah, [bx]
   1383				     ;	     mov poslinkis22, ah
   1384
   1385				     ;	     jmp suposlinkiu2
   1386	0A7A			     ne105:
   1387	0A7A  C7 06 0427r 4944		     mov operandas2, "ID"
   1388
   1389				     ;	     inc bx
   1390				     ;	     mov ah, [bx]
   1391				     ;	     mov poslinkis21, ah
   1392				     ;	     inc bx
   1393				     ;	     mov ah, [bx]
   1394				     ;	     mov poslinkis22, ah
   1395
   1396				     ;	     jmp suposlinkiu2
   1397
   1398	0A80			     rm110mod10:
   1399	0A80  80 3E 041Dr 00		     cmp d, 0
   1400	0A85  75 06			     jne ne106
   1401	0A87  C7 06 0425r 5042		     mov operandas1, "PB"
   1402
   1403				     ;	     inc bx
   1404				     ;	     mov ah, [bx]
   1405				     ;	     mov poslinkis21, ah
   1406				     ;	     inc bx
   1407				     ;	     mov ah, [bx]
   1408				     ;	     mov poslinkis22, ah
   1409
   1410				     ;	     jmp suposlinkiu2
   1411	0A8D			     ne106:
   1412	0A8D  C7 06 0427r 5042		     mov operandas2, "PB"
   1413
   1414				     ;	     inc bx
   1415				     ;	     mov ah, [bx]
   1416				     ;	     mov poslinkis21, ah
   1417				     ;	     inc bx
   1418				     ;	     mov ah, [bx]
   1419				     ;	     mov poslinkis22, ah
   1420
   1421				     ;	     jmp suposlinkiu2
   1422
   1423	0A93			     rm111mod10:
   1424	0A93  80 3E 041Dr 00		     cmp d, 0
   1425	0A98  75 06			     jne ne107
Turbo Assembler	 Version 3.1	    01/04/21 19:57:59	    Page 26
disasm1.ASM



   1426	0A9A  C7 06 0425r 5842		     mov operandas1, "XB"
   1427
   1428				     ;	     inc bx
   1429				     ;	     mov ah, [bx]
   1430				     ;	     mov poslinkis21, ah
   1431				     ;	     inc bx
   1432				     ;	     mov ah, [bx]
   1433				     ;	     mov poslinkis22, ah
   1434
   1435				     ;	     jmp suposlinkiu2
   1436	0AA0			     ne107:
   1437	0AA0  C7 06 0427r 5842		     mov operandas2, "XB"
   1438
   1439				     ;	     inc bx
   1440				     ;	     mov ah, [bx]
   1441				     ;	     mov poslinkis21, ah
   1442				     ;	     inc bx
   1443				     ;	     mov ah, [bx]
   1444				     ;	     mov poslinkis22, ah
   1445
   1446				     ;	     jmp suposlinkiu2
   1447
   1448	0AA6			     rm000mod11: ;---------------------------------------------	MOD=11 w=0 --------------------
   1449	0AA6  80 3E 041Dr 00		     cmp d, 0
   1450	0AAB  75 09			     jne ne110
   1451	0AAD  C7 06 0425r 4C41		     mov operandas1, "LA"
   1452	0AB3  E9 0180			     jmp komandos
   1453	0AB6			     ne110:
   1454	0AB6  C7 06 0427r 4C41		     mov operandas2, "LA"
   1455	0ABC  E9 0177			     jmp komandos
   1456
   1457	0ABF			     rm001mod11:
   1458	0ABF  80 3E 041Dr 00		     cmp d, 0
   1459	0AC4  75 09			     jne ne111
   1460	0AC6  C7 06 0425r 4C43		     mov operandas1, "LC"
   1461	0ACC  E9 0167			     jmp komandos
   1462	0ACF			     ne111:
   1463	0ACF  C7 06 0427r 4C43		     mov operandas2, "LC"
   1464	0AD5  E9 015E			     jmp komandos
   1465
   1466	0AD8			     rm010mod11:
   1467	0AD8  80 3E 041Dr 00		     cmp d, 0
   1468	0ADD  75 09			     jne ne112
   1469	0ADF  C7 06 0425r 4C44		     mov operandas1, "LD"
   1470	0AE5  E9 014E			     jmp komandos
   1471	0AE8			     ne112:
   1472	0AE8  C7 06 0427r 4C44		     mov operandas2, "LD"
   1473	0AEE  E9 0145			     jmp komandos
   1474
   1475	0AF1			     rm011mod11:
   1476	0AF1  80 3E 041Dr 00		     cmp d, 0
   1477	0AF6  75 09			     jne ne113
   1478	0AF8  C7 06 0425r 4C42		     mov operandas1, "LB"
   1479	0AFE  E9 0135			     jmp komandos
   1480	0B01			     ne113:
   1481	0B01  C7 06 0427r 4C42		     mov operandas2, "LB"
   1482	0B07  E9 012C			     jmp komandos
Turbo Assembler	 Version 3.1	    01/04/21 19:57:59	    Page 27
disasm1.ASM



   1483
   1484	0B0A			     rm100mod11:
   1485	0B0A  80 3E 041Dr 00		     cmp d, 0
   1486	0B0F  75 09			     jne ne114
   1487	0B11  C7 06 0425r 4841		     mov operandas1, "HA"
   1488	0B17  E9 011C			     jmp komandos
   1489	0B1A			     ne114:
   1490	0B1A  C7 06 0427r 4841		     mov operandas2, "HA"
   1491	0B20  E9 0113			     jmp komandos
   1492
   1493	0B23			     rm101mod11:
   1494	0B23  80 3E 041Dr 00		     cmp d, 0
   1495	0B28  75 09			     jne ne115
   1496	0B2A  C7 06 0425r 4843		     mov operandas1, "HC"
   1497	0B30  E9 0103			     jmp komandos
   1498	0B33			     ne115:
   1499	0B33  C7 06 0427r 4843		     mov operandas2, "HC"
   1500	0B39  E9 00FA			     jmp komandos
   1501
   1502	0B3C			     rm110mod11:
   1503	0B3C  80 3E 041Dr 00		     cmp d, 0
   1504	0B41  75 09			     jne ne116
   1505	0B43  C7 06 0425r 4844		     mov operandas1, "HD"
   1506	0B49  E9 00EA			     jmp komandos
   1507	0B4C			     ne116:
   1508	0B4C  C7 06 0427r 4844		     mov operandas2, "HD"
   1509	0B52  E9 00E1			     jmp komandos
   1510
   1511	0B55			     rm111mod11:
   1512	0B55  80 3E 041Dr 00		     cmp d, 0
   1513	0B5A  75 09			     jne ne117
   1514	0B5C  C7 06 0425r 4842		     mov operandas1, "HB"
   1515	0B62  E9 00D1			     jmp komandos
   1516	0B65			     ne117:
   1517	0B65  C7 06 0427r 4842		     mov operandas2, "HB"
   1518	0B6B  E9 00C8			     jmp komandos
   1519
   1520	0B6E			     rm000mod11w1: ;--------------------------------------------- MOD=11 w=1 --------------------
   1521	0B6E  80 3E 041Dr 00		     cmp d, 0
   1522	0B73  75 09			     jne ne110w1
   1523	0B75  C7 06 0425r 5841		     mov operandas1, "XA"
   1524	0B7B  E9 00B8			     jmp komandos
   1525	0B7E			     ne110w1:
   1526	0B7E  C7 06 0427r 5841		     mov operandas2, "XA"
   1527	0B84  E9 00AF			     jmp komandos
   1528
   1529	0B87			     rm001mod11w1:
   1530	0B87  80 3E 041Dr 00		     cmp d, 0
   1531	0B8C  75 09			     jne ne111w1
   1532	0B8E  C7 06 0425r 5843		     mov operandas1, "XC"
   1533	0B94  E9 009F			     jmp komandos
   1534	0B97			     ne111w1:
   1535	0B97  C7 06 0427r 5843		     mov operandas2, "XC"
   1536	0B9D  E9 0096			     jmp komandos
   1537
   1538	0BA0			     rm010mod11w1:
   1539	0BA0  80 3E 041Dr 00		     cmp d, 0
Turbo Assembler	 Version 3.1	    01/04/21 19:57:59	    Page 28
disasm1.ASM



   1540	0BA5  75 09			     jne ne112w1
   1541	0BA7  C7 06 0425r 5844		     mov operandas1, "XD"
   1542	0BAD  E9 0086			     jmp komandos
   1543	0BB0			     ne112w1:
   1544	0BB0  C7 06 0427r 5844		     mov operandas2, "XD"
   1545	0BB6  EB 7E 90			     jmp komandos
   1546
   1547	0BB9			     rm011mod11w1:
   1548	0BB9  80 3E 041Dr 00		     cmp d, 0
   1549	0BBE  75 09			     jne ne113w1
   1550	0BC0  C7 06 0425r 5842		     mov operandas1, "XB"
   1551	0BC6  EB 6E 90			     jmp komandos
   1552	0BC9			     ne113w1:
   1553	0BC9  C7 06 0427r 5842		     mov operandas2, "XB"
   1554	0BCF  EB 65 90			     jmp komandos
   1555
   1556	0BD2			     rm100mod11w1:
   1557	0BD2  80 3E 041Dr 00		     cmp d, 0
   1558	0BD7  75 09			     jne ne114w1
   1559	0BD9  C7 06 0425r 5350		     mov operandas1, "SP"
   1560	0BDF  EB 55 90			     jmp komandos
   1561	0BE2			     ne114w1:
   1562	0BE2  C7 06 0427r 5350		     mov operandas2, "SP"
   1563	0BE8  EB 4C 90			     jmp komandos
   1564
   1565	0BEB			     rm101mod11w1:
   1566	0BEB  80 3E 041Dr 00		     cmp d, 0
   1567	0BF0  75 09			     jne ne115w1
   1568	0BF2  C7 06 0425r 5042		     mov operandas1, "PB"
   1569	0BF8  EB 3C 90			     jmp komandos
   1570	0BFB			     ne115w1:
   1571	0BFB  C7 06 0427r 5042		     mov operandas2, "PB"
   1572	0C01  EB 33 90			     jmp komandos
   1573
   1574	0C04			     rm110mod11w1:
   1575	0C04  80 3E 041Dr 00		     cmp d, 0
   1576	0C09  75 09			     jne ne116w1
   1577	0C0B  C7 06 0425r 4953		     mov operandas1, "IS"
   1578	0C11  EB 23 90			     jmp komandos
   1579	0C14			     ne116w1:
   1580	0C14  C7 06 0427r 4953		     mov operandas2, "IS"
   1581	0C1A  EB 1A 90			     jmp komandos
   1582
   1583	0C1D			     rm111mod11w1:
   1584	0C1D  80 3E 041Dr 00		     cmp d, 0
   1585	0C22  75 09			     jne ne117w1
   1586	0C24  C7 06 0425r 4944		     mov operandas1, "ID"
   1587	0C2A  EB 0A 90			     jmp komandos
   1588	0C2D			     ne117w1:
   1589	0C2D  C7 06 0427r 4944		     mov operandas2, "ID"
   1590	0C33  EB 01 90			     jmp komandos
   1591
   1592	0C36			     komandos:
   1593	0C36  53			     push bx
   1594
   1595	0C37  B9 000A			     mov cx, 10d
   1596	0C3A  BA 0125r			     mov dx, offset msg
Turbo Assembler	 Version 3.1	    01/04/21 19:57:59	    Page 29
disasm1.ASM



   1597	0C3D  B4 40			     mov ah, 40h		    ;RASYMAS I FAILA
   1598	0C3F  8B 1E 010Dr		     mov bx, out_fh
   1599	0C43  CD 21			     int 21h
   1600
   1601	0C45  80 3E 041Ar 01		     cmp komanda, 1
   1602	0C4A  75 11			     jne nemov
   1603
   1604	0C4C  B9 0004			     mov cx, 4h
   1605	0C4F  BA 010Fr			     mov dx, offset movkomanda
   1606	0C52  B4 40			     mov ah, 40h		    ;RASYMAS I FAILA
   1607	0C54  8B 1E 010Dr		     mov bx, out_fh
   1608	0C58  CD 21			     int 21h
   1609	0C5A  EB 5E 90			     jmp beposlinkio
   1610	0C5D			     nemov:
   1611	0C5D  80 3E 041Ar 02		     cmp komanda, 2
   1612	0C62  75 11			     jne nenot
   1613
   1614	0C64  B9 0004			     mov cx, 4h
   1615	0C67  BA 0113r			     mov dx, offset notkomanda
   1616	0C6A  B4 40			     mov ah, 40h		    ;RASYMAS I FAILA
   1617	0C6C  8B 1E 010Dr		     mov bx, out_fh
   1618	0C70  CD 21			     int 21h
   1619	0C72  EB 46 90			     jmp beposlinkio
   1620	0C75			     nenot:
   1621	0C75  80 3E 041Ar 03		     cmp komanda, 3
   1622	0C7A  75 11			     jne nexlat
   1623
   1624	0C7C  B9 0004			     mov cx, 4h
   1625	0C7F  BA 0117r			     mov dx, offset xlatkomanda
   1626	0C82  B4 40			     mov ah, 40h		    ;RASYMAS I FAILA
   1627	0C84  8B 1E 010Dr		     mov bx, out_fh
   1628	0C88  CD 21			     int 21h
   1629	0C8A  E9 0188			     jmp viskas
   1630	0C8D			     nexlat:
   1631	0C8D  80 3E 041Ar 04		     cmp komanda, 4
   1632	0C92  75 11			     jne nercr1
   1633
   1634	0C94  B9 0004			     mov cx, 4h
   1635	0C97  BA 011Cr			     mov dx, offset rcrkomanda
   1636	0C9A  B4 40			     mov ah, 40h		    ;RASYMAS I FAILA
   1637	0C9C  8B 1E 010Dr		     mov bx, out_fh
   1638	0CA0  CD 21			     int 21h
   1639	0CA2  EB 16 90			     jmp beposlinkio
   1640	0CA5			     nercr1:
   1641	0CA5  80 3E 041Ar 05		     cmp komanda, 5
   1642	0CAA  75 0E			     jne beposlinkio
   1643
   1644	0CAC  B9 0004			     mov cx, 4h
   1645	0CAF  BA 011Cr			     mov dx, offset rcrkomanda
   1646	0CB2  B4 40			     mov ah, 40h		    ;RASYMAS I FAILA
   1647	0CB4  8B 1E 010Dr		     mov bx, out_fh
   1648	0CB8  CD 21			     int 21h
   1649
   1650	0CBA			     beposlinkio: ;--------------------------- spausdina, poslinkio nera			    +
   1651				     --------------------------------------------
   1652
   1653	0CBA  B9 0002			     mov cx, 2h
Turbo Assembler	 Version 3.1	    01/04/21 19:57:59	    Page 30
disasm1.ASM



   1654	0CBD  BA 0425r			     mov dx, offset operandas1
   1655	0CC0  B4 40			     mov ah, 40h		    ;RASYMAS I FAILA
   1656	0CC2  8B 1E 010Dr		     mov bx, out_fh
   1657	0CC6  CD 21			     int 21h
   1658
   1659	0CC8  80 3E 041Ar 02		     cmp komanda, 2
   1660	0CCD  75 03			     jne neviskas
   1661	0CCF  E9 0143			     jmp viskas
   1662	0CD2			     neviskas:
   1663	0CD2  B9 0002			     mov cx, 2h
   1664	0CD5  BA 0121r			     mov dx, offset tarpas
   1665	0CD8  B4 40			     mov ah, 40h		    ;RASYMAS I FAILA
   1666	0CDA  8B 1E 010Dr		     mov bx, out_fh
   1667	0CDE  CD 21			     int 21h
   1668
   1669	0CE0  80 3E 041Ar 04		     cmp komanda, 4
   1670	0CE5  75 11			     jne nercr0
   1671	0CE7  B9 0002			     mov cx, 2h
   1672	0CEA  BA 0123r			     mov dx, offset rcr1
   1673	0CED  B4 40			     mov ah, 40h		    ;RASYMAS I FAILA
   1674	0CEF  8B 1E 010Dr		     mov bx, out_fh
   1675	0CF3  CD 21			     int 21h
   1676	0CF5  E9 011D			     jmp viskas
   1677
   1678	0CF8			     nercr0:
   1679	0CF8  80 3E 0216r 01		     cmp espref, 1
   1680	0CFD  75 0E			     jne nees
   1681
   1682	0CFF  B9 0004			     mov cx, 4h
   1683	0D02  BA 0205r			     mov dx, offset esprefiksas
   1684	0D05  B4 40			     mov ah, 40h		    ;RASYMAS I FAILA
   1685	0D07  8B 1E 010Dr		     mov bx, out_fh
   1686	0D0B  CD 21			     int 21h
   1687	0D0D			     nees:
   1688	0D0D  80 3E 0217r 01		     cmp cspref, 1
   1689	0D12  75 0E			     jne necs
   1690
   1691	0D14  B9 0004			     mov cx, 4h
   1692	0D17  BA 0209r			     mov dx, offset csprefiksas
   1693	0D1A  B4 40			     mov ah, 40h		    ;RASYMAS I FAILA
   1694	0D1C  8B 1E 010Dr		     mov bx, out_fh
   1695	0D20  CD 21			     int 21h
   1696	0D22			     necs:
   1697	0D22  80 3E 0218r 01		     cmp dspref, 1
   1698	0D27  75 0E			     jne neds
   1699
   1700	0D29  B9 0004			     mov cx, 4h
   1701	0D2C  BA 020Dr			     mov dx, offset dsprefiksas
   1702	0D2F  B4 40			     mov ah, 40h		    ;RASYMAS I FAILA
   1703	0D31  8B 1E 010Dr		     mov bx, out_fh
   1704	0D35  CD 21			     int 21h
   1705	0D37			     neds:
   1706	0D37  80 3E 0219r 01		     cmp sspref, 1
   1707	0D3C  75 0E			     jne ness
   1708
   1709	0D3E  B9 0004			     mov cx, 4h
   1710	0D41  BA 0211r			     mov dx, offset ssprefiksas
Turbo Assembler	 Version 3.1	    01/04/21 19:57:59	    Page 31
disasm1.ASM



   1711	0D44  B4 40			     mov ah, 40h		    ;RASYMAS I FAILA
   1712	0D46  8B 1E 010Dr		     mov bx, out_fh
   1713	0D4A  CD 21			     int 21h
   1714	0D4C			     ness:
   1715
   1716	0D4C  B9 0002			     mov cx, 2h
   1717	0D4F  BA 0427r			     mov dx, offset operandas2
   1718	0D52  B4 40			     mov ah, 40h		    ;RASYMAS I FAILA
   1719	0D54  8B 1E 010Dr		     mov bx, out_fh
   1720	0D58  CD 21			     int 21h
   1721
   1722
   1723	0D5A			     neraseg:
   1724	0D5A  80 3E 041Fr C0		     cmp modd, 11000000b
   1725	0D5F  74 46			     je	temp
   1726	0D61  80 3E 0421r 04		     cmp rm, 00000100b
   1727	0D66  74 3F			     je	temp
   1728	0D68  80 3E 0421r 05		     cmp rm, 00000101b
   1729	0D6D  74 38			     je	temp
   1730	0D6F  80 3E 0421r 06		     cmp rm, 00000110b
   1731	0D74  74 31			     je	temp
   1732	0D76  80 3E 0421r 07		     cmp rm, 00000111b
   1733	0D7B  74 2A			     je	temp
   1734
   1735	0D7D  B9 0001			     mov cx, 1h
   1736	0D80  BA 012Fr			     mov dx, offset pliusas
   1737	0D83  B4 40			     mov ah, 40h		    ;RASYMAS I FAILA
   1738	0D85  8B 1E 010Dr		     mov bx, out_fh
   1739	0D89  CD 21			     int 21h
   1740
   1741	0D8B  80 3E 0421r 01		     cmp rm, 00000001b
   1742	0D90  74 18			     je	busdi
   1743	0D92  80 3E 0421r 03		     cmp rm, 00000011b
   1744	0D97  74 11			     je	busdi
   1745
   1746	0D99  B9 0002			     mov cx, 2h
   1747	0D9C  BA 0429r			     mov dx, offset siop
   1748	0D9F  B4 40			     mov ah, 40h		    ;RASYMAS I FAILA
   1749	0DA1  8B 1E 010Dr		     mov bx, out_fh
   1750	0DA5  CD 21			     int 21h
   1751	0DA7			     temp:
   1752	0DA7  EB 0F 90			     jmp pref?
   1753
   1754	0DAA			     busdi:
   1755
   1756	0DAA  B9 0002			     mov cx, 2h
   1757	0DAD  BA 042Br			     mov dx, offset diop
   1758	0DB0  B4 40			     mov ah, 40h		    ;RASYMAS I FAILA
   1759	0DB2  8B 1E 010Dr		     mov bx, out_fh
   1760	0DB6  CD 21			     int 21h
   1761
   1762	0DB8			     pref?:
   1763	0DB8  80 3E 0216r 00		     cmp espref, 0
   1764	0DBD  74 11			     je	neraes
   1765	0DBF  B9 0001			     mov cx, 1h
   1766	0DC2  BA 0215r			     mov dx, offset lls
   1767	0DC5  B4 40			     mov ah, 40h		    ;RASYMAS I FAILA
Turbo Assembler	 Version 3.1	    01/04/21 19:57:59	    Page 32
disasm1.ASM



   1768	0DC7  8B 1E 010Dr		     mov bx, out_fh
   1769	0DCB  CD 21			     int 21h
   1770	0DCD  EB 46 90			     jmp viskas
   1771
   1772	0DD0			     neraes:
   1773	0DD0  80 3E 0217r 00		     cmp cspref, 0
   1774	0DD5  74 11			     je	neracs
   1775	0DD7  B9 0001			     mov cx, 1h
   1776	0DDA  BA 0215r			     mov dx, offset lls
   1777	0DDD  B4 40			     mov ah, 40h		    ;RASYMAS I FAILA
   1778	0DDF  8B 1E 010Dr		     mov bx, out_fh
   1779	0DE3  CD 21			     int 21h
   1780	0DE5  EB 2E 90			     jmp viskas
   1781	0DE8			     neracs:
   1782	0DE8  80 3E 0218r 00		     cmp dspref, 0
   1783	0DED  74 11			     je	nerads
   1784	0DEF  B9 0001			     mov cx, 1h
   1785	0DF2  BA 0215r			     mov dx, offset lls
   1786	0DF5  B4 40			     mov ah, 40h		    ;RASYMAS I FAILA
   1787	0DF7  8B 1E 010Dr		     mov bx, out_fh
   1788	0DFB  CD 21			     int 21h
   1789	0DFD  EB 16 90			     jmp viskas
   1790	0E00			     nerads:
   1791	0E00  80 3E 0219r 00		     cmp sspref, 0
   1792	0E05  74 0E			     je	viskas
   1793	0E07  B9 0001			     mov cx, 1h
   1794	0E0A  BA 0215r			     mov dx, offset lls
   1795	0E0D  B4 40			     mov ah, 40h		    ;RASYMAS I FAILA
   1796	0E0F  8B 1E 010Dr		     mov bx, out_fh
   1797	0E13  CD 21			     int 21h
   1798
   1799	0E15			     viskas:
   1800	0E15  B9 0002			     mov cx, 2h
   1801	0E18  BA 0000r			     mov dx, offset endl
   1802	0E1B  B4 40			     mov ah, 40h		    ;RASYMAS I FAILA
   1803	0E1D  8B 1E 010Dr		     mov bx, out_fh
   1804	0E21  CD 21			     int 21h
   1805
   1806	0E23  32 C9			     xor cl, cl
   1807	0E25  88 0E 041Ar		     mov komanda, cl
   1808
   1809	0E29  5B			     pop bx
   1810
   1811	0E2A  E9 F291			     jmp nemano
   1812
   1813	0E2D			     movkonstanta:
   1814
   1815	0E2D  80 3E 041Er 01		     cmp w, 1
   1816	0E32  74 6D			     je	movkonstanta2
   1817
   1818	0E34  53			     push bx
   1819
   1820	0E35  B9 000A			     mov cx, 10d
   1821	0E38  BA 0125r			     mov dx, offset msg
   1822	0E3B  B4 40			     mov ah, 40h		    ;RASYMAS I FAILA
   1823	0E3D  8B 1E 010Dr		     mov bx, out_fh
   1824	0E41  CD 21			     int 21h
Turbo Assembler	 Version 3.1	    01/04/21 19:57:59	    Page 33
disasm1.ASM



   1825
   1826	0E43  B9 0004			     mov cx, 4h
   1827	0E46  BA 010Fr			     mov dx, offset movkomanda
   1828	0E49  B4 40			     mov ah, 40h		    ;RASYMAS I FAILA
   1829	0E4B  8B 1E 010Dr		     mov bx, out_fh
   1830	0E4F  CD 21			     int 21h
   1831
   1832	0E51  B9 0002			     mov cx, 2h
   1833	0E54  BA 0425r			     mov dx, offset operandas1
   1834	0E57  B4 40			     mov ah, 40h		    ;RASYMAS I FAILA
   1835	0E59  8B 1E 010Dr		     mov bx, out_fh
   1836	0E5D  CD 21			     int 21h
   1837
   1838	0E5F  B9 0002			     mov cx, 2h
   1839	0E62  BA 0121r			     mov dx, offset tarpas
   1840	0E65  B4 40			     mov ah, 40h		    ;RASYMAS I FAILA
   1841	0E67  8B 1E 010Dr		     mov bx, out_fh
   1842	0E6B  CD 21			     int 21h
   1843
   1844	0E6D  B9 0002			     mov cx, 2h
   1845	0E70  BA 043Dr			     mov dx, offset hexnum
   1846	0E73  B4 40			     mov ah, 40h		    ;RASYMAS I FAILA
   1847	0E75  8B 1E 010Dr		     mov bx, out_fh
   1848	0E79  CD 21			     int 21h
   1849
   1850	0E7B  B9 0001			     mov cx, 1h
   1851	0E7E  BA 0144r			     mov dx, offset h
   1852	0E81  B4 40			     mov ah, 40h		    ;RASYMAS I FAILA
   1853	0E83  8B 1E 010Dr		     mov bx, out_fh
   1854	0E87  CD 21			     int 21h
   1855
   1856	0E89  B9 0002			     mov cx, 2h
   1857	0E8C  BA 0000r			     mov dx, offset endl
   1858	0E8F  B4 40			     mov ah, 40h		    ;RASYMAS I FAILA
   1859	0E91  8B 1E 010Dr		     mov bx, out_fh
   1860	0E95  CD 21			     int 21h
   1861
   1862	0E97  5B			     pop bx
   1863
   1864	0E98  32 C9			     xor cl, cl
   1865	0E9A  88 0E 041Ar		     mov komanda, cl
   1866
   1867	0E9E  E9 F21D			     jmp nemano
   1868
   1869	0EA1			     movkonstanta2:
   1870	0EA1  53			     push bx
   1871
   1872	0EA2  8A 26 043Dr		     mov ah, hexnum
   1873	0EA6  88 26 041Br		     mov betop1, ah
   1874	0EAA  8A 26 043Er		     mov ah, [hexnum+1]
   1875	0EAE  88 26 041Cr		     mov [betop1+1], ah
   1876
   1877	0EB2  43			     inc bx
   1878	0EB3  8A 27			     mov ah, [bx]
   1879	0EB5  E8 01B4			     call printhex
   1880
   1881	0EB8  B9 000A			     mov cx, 10d
Turbo Assembler	 Version 3.1	    01/04/21 19:57:59	    Page 34
disasm1.ASM



   1882	0EBB  BA 0125r			     mov dx, offset msg
   1883	0EBE  B4 40			     mov ah, 40h		    ;RASYMAS I FAILA
   1884	0EC0  8B 1E 010Dr		     mov bx, out_fh
   1885	0EC4  CD 21			     int 21h
   1886
   1887	0EC6  B9 0004			     mov cx, 4h
   1888	0EC9  BA 010Fr			     mov dx, offset movkomanda
   1889	0ECC  B4 40			     mov ah, 40h		    ;RASYMAS I FAILA
   1890	0ECE  8B 1E 010Dr		     mov bx, out_fh
   1891	0ED2  CD 21			     int 21h
   1892
   1893	0ED4  B9 0002			     mov cx, 2h
   1894	0ED7  BA 0425r			     mov dx, offset operandas1
   1895	0EDA  B4 40			     mov ah, 40h		    ;RASYMAS I FAILA
   1896	0EDC  8B 1E 010Dr		     mov bx, out_fh
   1897	0EE0  CD 21			     int 21h
   1898
   1899	0EE2  B9 0002			     mov cx, 2h
   1900	0EE5  BA 0121r			     mov dx, offset tarpas
   1901	0EE8  B4 40			     mov ah, 40h		    ;RASYMAS I FAILA
   1902	0EEA  8B 1E 010Dr		     mov bx, out_fh
   1903	0EEE  CD 21			     int 21h
   1904
   1905	0EF0  B9 0002			     mov cx, 2h
   1906	0EF3  BA 043Dr			     mov dx, offset hexnum
   1907	0EF6  B4 40			     mov ah, 40h		    ;RASYMAS I FAILA
   1908	0EF8  8B 1E 010Dr		     mov bx, out_fh
   1909	0EFC  CD 21			     int 21h
   1910
   1911	0EFE  B9 0002			     mov cx, 2h
   1912	0F01  BA 041Br			     mov dx, offset betop1
   1913	0F04  B4 40			     mov ah, 40h		    ;RASYMAS I FAILA
   1914	0F06  8B 1E 010Dr		     mov bx, out_fh
   1915	0F0A  CD 21			     int 21h
   1916
   1917	0F0C  B9 0001			     mov cx, 1h
   1918	0F0F  BA 0144r			     mov dx, offset h
   1919	0F12  B4 40			     mov ah, 40h		    ;RASYMAS I FAILA
   1920	0F14  8B 1E 010Dr		     mov bx, out_fh
   1921	0F18  CD 21			     int 21h
   1922
   1923	0F1A  B9 0002			     mov cx, 2h
   1924	0F1D  BA 0000r			     mov dx, offset endl
   1925	0F20  B4 40			     mov ah, 40h		    ;RASYMAS I FAILA
   1926	0F22  8B 1E 010Dr		     mov bx, out_fh
   1927	0F26  CD 21			     int 21h
   1928
   1929	0F28  5B			     pop bx
   1930	0F29  32 C9			     xor cl, cl
   1931	0F2B  88 0E 041Ar		     mov komanda, cl
   1932
   1933	0F2F  E9 F18C			     jmp nemano
   1934
   1935
   1936	0F32			     suposlinkiu: ;--------------------------- spausdina, poslinkis yra				    +
   1937				     --------------------------------------------
   1938	0F32  53			     push bx
Turbo Assembler	 Version 3.1	    01/04/21 19:57:59	    Page 35
disasm1.ASM



   1939
   1940	0F33  B9 0004			     mov cx, 4d
   1941	0F36  BA 0125r			     mov dx, offset msg
   1942	0F39  B4 40			     mov ah, 40h		    ;RASYMAS I FAILA
   1943	0F3B  8B 1E 010Dr		     mov bx, out_fh
   1944	0F3F  CD 21			     int 21h
   1945
   1946	0F41  B9 0004			     mov cx, 4h
   1947	0F44  BA 010Fr			     mov dx, offset movkomanda
   1948	0F47  B4 40			     mov ah, 40h		    ;RASYMAS I FAILA
   1949	0F49  8B 1E 010Dr		     mov bx, out_fh
   1950	0F4D  CD 21			     int 21h
   1951
   1952	0F4F  B9 0002			     mov cx, 2h
   1953	0F52  BA 0425r			     mov dx, offset operandas1
   1954	0F55  B4 40			     mov ah, 40h		    ;RASYMAS I FAILA
   1955	0F57  8B 1E 010Dr		     mov bx, out_fh
   1956	0F5B  CD 21			     int 21h
   1957
   1958	0F5D  B9 0002			     mov cx, 2h
   1959	0F60  BA 0121r			     mov dx, offset tarpas
   1960	0F63  B4 40			     mov ah, 40h		    ;RASYMAS I FAILA
   1961	0F65  8B 1E 010Dr		     mov bx, out_fh
   1962	0F69  CD 21			     int 21h
   1963
   1964	0F6B  80 3E 0216r 01		     cmp espref, 1
   1965	0F70  75 0E			     jne nees1
   1966
   1967	0F72  B9 0004			     mov cx, 4h
   1968	0F75  BA 0205r			     mov dx, offset esprefiksas
   1969	0F78  B4 40			     mov ah, 40h		    ;RASYMAS I FAILA
   1970	0F7A  8B 1E 010Dr		     mov bx, out_fh
   1971	0F7E  CD 21			     int 21h
   1972	0F80			     nees1:
   1973	0F80  80 3E 0217r 01		     cmp cspref, 1
   1974	0F85  75 0E			     jne necs1
   1975
   1976	0F87  B9 0004			     mov cx, 4h
   1977	0F8A  BA 0209r			     mov dx, offset csprefiksas
   1978	0F8D  B4 40			     mov ah, 40h		    ;RASYMAS I FAILA
   1979	0F8F  8B 1E 010Dr		     mov bx, out_fh
   1980	0F93  CD 21			     int 21h
   1981	0F95			     necs1:
   1982	0F95  80 3E 0218r 01		     cmp dspref, 1
   1983	0F9A  75 0E			     jne neds1
   1984
   1985	0F9C  B9 0004			     mov cx, 4h
   1986	0F9F  BA 020Dr			     mov dx, offset dsprefiksas
   1987	0FA2  B4 40			     mov ah, 40h		    ;RASYMAS I FAILA
   1988	0FA4  8B 1E 010Dr		     mov bx, out_fh
   1989	0FA8  CD 21			     int 21h
   1990	0FAA			     neds1:
   1991	0FAA  80 3E 0219r 01		     cmp sspref, 1
   1992	0FAF  75 0E			     jne ness1
   1993
   1994	0FB1  B9 0004			     mov cx, 4h
   1995	0FB4  BA 0211r			     mov dx, offset ssprefiksas
Turbo Assembler	 Version 3.1	    01/04/21 19:57:59	    Page 36
disasm1.ASM



   1996	0FB7  B4 40			     mov ah, 40h		    ;RASYMAS I FAILA
   1997	0FB9  8B 1E 010Dr		     mov bx, out_fh
   1998	0FBD  CD 21			     int 21h
   1999	0FBF			     ness1:
   2000
   2001	0FBF  B9 0002			     mov cx, 2h
   2002	0FC2  BA 0427r			     mov dx, offset operandas2
   2003	0FC5  B4 40			     mov ah, 40h		    ;RASYMAS I FAILA
   2004	0FC7  8B 1E 010Dr		     mov bx, out_fh
   2005	0FCB  CD 21			     int 21h
   2006
   2007	0FCD  B9 0001			     mov cx, 1h
   2008	0FD0  BA 012Fr			     mov dx, offset pliusas
   2009	0FD3  B4 40			     mov ah, 40h		    ;RASYMAS I FAILA
   2010	0FD5  8B 1E 010Dr		     mov bx, out_fh
   2011	0FD9  CD 21			     int 21h
   2012
   2013	0FDB  B9 0002			     mov cx, 2h
   2014	0FDE  BA 043Dr			     mov dx, offset hexnum
   2015	0FE1  B4 40			     mov ah, 40h		    ;RASYMAS I FAILA
   2016	0FE3  8B 1E 010Dr		     mov bx, out_fh
   2017	0FE7  CD 21			     int 21h
   2018
   2019	0FE9  B9 0001			     mov cx, 1h
   2020	0FEC  BA 0144r			     mov dx, offset h
   2021	0FEF  B4 40			     mov ah, 40h		    ;RASYMAS I FAILA
   2022	0FF1  8B 1E 010Dr		     mov bx, out_fh
   2023	0FF5  CD 21			     int 21h
   2024
   2025	0FF7  80 3E 0216r 00		     cmp espref, 0
   2026	0FFC  74 11			     je	neraes1
   2027	0FFE  B9 0001			     mov cx, 1h
   2028	1001  BA 0215r			     mov dx, offset lls
   2029	1004  B4 40			     mov ah, 40h		    ;RASYMAS I FAILA
   2030	1006  8B 1E 010Dr		     mov bx, out_fh
   2031	100A  CD 21			     int 21h
   2032	100C  EB 46 90			     jmp viskas1
   2033	100F			     neraes1:
   2034	100F  80 3E 0217r 00		     cmp cspref, 0
   2035	1014  74 11			     je	neracs1
   2036	1016  B9 0001			     mov cx, 1h
   2037	1019  BA 0215r			     mov dx, offset lls
   2038	101C  B4 40			     mov ah, 40h		    ;RASYMAS I FAILA
   2039	101E  8B 1E 010Dr		     mov bx, out_fh
   2040	1022  CD 21			     int 21h
   2041	1024  EB 2E 90			     jmp viskas1
   2042	1027			     neracs1:
   2043	1027  80 3E 0218r 00		     cmp dspref, 0
   2044	102C  74 11			     je	nerads1
   2045	102E  B9 0001			     mov cx, 1h
   2046	1031  BA 0215r			     mov dx, offset lls
   2047	1034  B4 40			     mov ah, 40h		    ;RASYMAS I FAILA
   2048	1036  8B 1E 010Dr		     mov bx, out_fh
   2049	103A  CD 21			     int 21h
   2050	103C  EB 16 90			     jmp viskas1
   2051	103F			     nerads1:
   2052	103F  80 3E 0219r 00		     cmp sspref, 0
Turbo Assembler	 Version 3.1	    01/04/21 19:57:59	    Page 37
disasm1.ASM



   2053	1044  74 0E			     je	viskas1
   2054	1046  B9 0001			     mov cx, 1h
   2055	1049  BA 0215r			     mov dx, offset lls
   2056	104C  B4 40			     mov ah, 40h		    ;RASYMAS I FAILA
   2057	104E  8B 1E 010Dr		     mov bx, out_fh
   2058	1052  CD 21			     int 21h
   2059
   2060	1054			     viskas1:
   2061	1054  B9 0002			     mov cx, 2h
   2062	1057  BA 0000r			     mov dx, offset endl
   2063	105A  B4 40			     mov ah, 40h		    ;RASYMAS I FAILA
   2064	105C  8B 1E 010Dr		     mov bx, out_fh
   2065	1060  CD 21			     int 21h
   2066
   2067	1062  32 C9			     xor cl, cl
   2068	1064  88 0E 041Ar		     mov komanda, cl
   2069
   2070	1068  5B			     pop bx
   2071
   2072	1069  E9 F052			     jmp nemano
   2073
   2074	106C			     printhex:
   2075	106C  51			     push cx
   2076	106D  53			     push bx
   2077	106E  50			     push ax
   2078	106F  8A C4			     mov al, ah
   2079	1071  D0 EC D0 EC D0 EC	D0+	     shr ah, 4
   2080	      EC
   2081	1079  24 0F			     and al, 0Fh
   2082	107B  BB 042Dr			     lea bx, hex
   2083	107E  D7			     xlat
   2084	107F  86 E0			     xchg ah, al
   2085	1081  D7			     xlat
   2086	1082  A3 043Dr			     mov word ptr hexnum, ax
   2087
   2088	1085  B9 0002			     mov cx, 2h
   2089	1088  BA 043Dr			     mov dx, offset hexnum
   2090	108B  B4 40			     mov ah, 40h		    ;RASYMAS I FAILA
   2091	108D  8B 1E 010Dr		     mov bx, out_fh
   2092	1091  CD 21			     int 21h
   2093
   2094	1093  B9 0001			     mov cx, 1h
   2095	1096  BA 0120r			     mov dx, offset space
   2096	1099  B4 40			     mov ah, 40h		    ;RASYMAS I FAILA
   2097	109B  8B 1E 010Dr		     mov bx, out_fh
   2098	109F  CD 21			     int 21h
   2099
   2100	10A1  58			     pop ax
   2101	10A2  5B			     pop bx
   2102	10A3  59			     pop cx
   2103
   2104	10A4  C3			     ret
   2105
   2106	10A5			     prefcompare:
   2107
   2108	10A5  B1 00			     mov cl, 0
   2109	10A7  88 0E 0216r		     mov espref, cl
Turbo Assembler	 Version 3.1	    01/04/21 19:57:59	    Page 38
disasm1.ASM



   2110	10AB  88 0E 0217r		     mov cspref, cl
   2111	10AF  88 0E 0218r		     mov dspref, cl
   2112	10B3  88 0E 0219r		     mov sspref, cl
   2113
   2114	10B7  B1 01			     mov cl, 1
   2115	10B9  80 FC 26			     cmp ah, 00100110b
   2116	10BC  75 0A			     jne pref1
   2117	10BE  88 0E 0216r		     mov espref, cl
   2118	10C2  43			     inc bx
   2119	10C3  8A 27			     mov ah, [bx]
   2120	10C5  E8 FFA4			     call printhex
   2121	10C8			     pref1:
   2122	10C8  80 FC 2E			     cmp ah, 00101110b
   2123	10CB  75 0A			     jne pref2
   2124	10CD  88 0E 0217r		     mov cspref, cl
   2125	10D1  43			     inc bx
   2126	10D2  8A 27			     mov ah, [bx]
   2127	10D4  E8 FF95			     call printhex
   2128	10D7			     pref2:
   2129	10D7  80 FC 3E			     cmp ah, 00111110b
   2130	10DA  75 0A			     jne pref3
   2131	10DC  88 0E 0218r		     mov dspref, cl
   2132	10E0  43			     inc bx
   2133	10E1  8A 27			     mov ah, [bx]
   2134	10E3  E8 FF86			     call printhex
   2135	10E6			     pref3:
   2136	10E6  80 FC 36			     cmp ah, 00110110b
   2137	10E9  75 0A			     jne pref4
   2138	10EB  88 0E 0219r		     mov sspref, cl
   2139	10EF  43			     inc bx
   2140	10F0  8A 27			     mov ah, [bx]
   2141	10F2  E8 FF77			     call printhex
   2142	10F5			     pref4:
   2143
   2144	10F5  C3			     ret
   2145
   2146				     end start
Turbo Assembler	 Version 3.1	    01/04/21 19:57:59	    Page 39
Symbol Table




Symbol Name			  Type	 Value

??DATE				  Text	 "01/04/21"
??FILENAME			  Text	 "disasm1 "
??TIME				  Text	 "19:57:58"
??VERSION			  Number 030A
@32BIT				  Text	 0
@CODE				  Text	 _TEXT
@CODESIZE			  Text	 0
@CPU				  Text	 0101H
@CURSEG				  Text	 _TEXT
@DATA				  Text	 DGROUP
@DATASIZE			  Text	 0
@FILENAME			  Text	 DISASM1
@INTERFACE			  Text	 00H
@MODEL				  Text	 2
@STACK				  Text	 DGROUP
@WORDSIZE			  Text	 2
BEPOSLINKIO			  Near	 _TEXT:0CBA
BETOP1				  Byte	 DGROUP:041B
BUFF				  Byte	 DGROUP:031A
BUSDI				  Near	 _TEXT:0DAA
COMPARE				  Near	 _TEXT:00C4
CSPREF				  Byte	 DGROUP:0217
CSPREFIKSAS			  Byte	 DGROUP:0209
D				  Byte	 DGROUP:041D
DIOP				  Byte	 DGROUP:042B
DSPREF				  Byte	 DGROUP:0218
DSPREFIKSAS			  Byte	 DGROUP:020D
DST				  Byte	 DGROUP:0103
ELOOP2				  Near	 _TEXT:0052
ENDL				  Byte	 DGROUP:0000
ERRORMSG			  Byte	 DGROUP:01C2
ESPREF				  Byte	 DGROUP:0216
ESPREFIKSAS			  Byte	 DGROUP:0205
FILENAME			  Byte	 DGROUP:0003
H				  Byte	 DGROUP:0144
HELPMSG				  Byte	 DGROUP:0149
HEX				  Byte	 DGROUP:042D
HEXNUM				  Byte	 DGROUP:043D
IN_FH				  Word	 DGROUP:010B
KLAIDA				  Near	 _TEXT:0073
KOMANDA				  Byte	 DGROUP:041A
KOMANDOS			  Near	 _TEXT:0C36
LLS				  Byte	 DGROUP:0215
LOOP1				  Near	 _TEXT:00A0
LOOP2				  Near	 _TEXT:003A
MOD00				  Near	 _TEXT:0617
MOD01				  Near	 _TEXT:0667
MOD10				  Near	 _TEXT:06B7
MOD11				  Near	 _TEXT:0707
MOD11W1				  Near	 _TEXT:075E
MODD				  Byte	 DGROUP:041F
MOV20				  Near	 _TEXT:01CE
MOV21				  Near	 _TEXT:01E2
MOV3				  Near	 _TEXT:01F6
Turbo Assembler	 Version 3.1	    01/04/21 19:57:59	    Page 40
Symbol Table



MOV30				  Near	 _TEXT:020B
MOV3TEMP			  Near	 _TEXT:0210
MOV3W1TEMP			  Near	 _TEXT:0242
MOV40				  Near	 _TEXT:0245
MOV41				  Near	 _TEXT:0268
MOV50				  Near	 _TEXT:027A
MOV51				  Near	 _TEXT:028C
MOV60				  Near	 _TEXT:029E
MOV61				  Near	 _TEXT:02B0
MOV8				  Near	 _TEXT:0182
MOV9				  Near	 _TEXT:0194
MOVA				  Near	 _TEXT:01A8
MOVADRESAVIMOBAITAS		  Near	 _TEXT:032A
MOVADRESAVIMOBAITAS2		  Near	 _TEXT:0355
MOVB				  Near	 _TEXT:01BC
MOVKOMANDA			  Byte	 DGROUP:010F
MOVKONSTANTA			  Near	 _TEXT:0E2D
MOVKONSTANTA2			  Near	 _TEXT:0EA1
MSG				  Byte	 DGROUP:0125
NE000				  Near	 _TEXT:07BE
NE0000				  Near	 _TEXT:047A
NE0001				  Near	 _TEXT:052D
NE001				  Near	 _TEXT:07D7
NE0010				  Near	 _TEXT:0490
NE0011				  Near	 _TEXT:0546
NE002				  Near	 _TEXT:07F0
NE003				  Near	 _TEXT:0809
NE004				  Near	 _TEXT:0822
NE005				  Near	 _TEXT:083B
NE006				  Near	 _TEXT:0854
NE007				  Near	 _TEXT:086D
NE010				  Near	 _TEXT:0894
NE0100				  Near	 _TEXT:04A6
NE0101				  Near	 _TEXT:055F
NE011				  Near	 _TEXT:08C9
NE0110				  Near	 _TEXT:04BC
NE0111				  Near	 _TEXT:0578
NE012				  Near	 _TEXT:08FE
NE013				  Near	 _TEXT:0933
NE014				  Near	 _TEXT:0960
NE015				  Near	 _TEXT:098D
NE016				  Near	 _TEXT:09C2
NE017				  Near	 _TEXT:09F7
NE100				  Near	 _TEXT:0A1B
NE1000				  Near	 _TEXT:04D2
NE1001				  Near	 _TEXT:0591
NE101				  Near	 _TEXT:0A2E
NE1010				  Near	 _TEXT:04E8
NE1011				  Near	 _TEXT:05AA
NE102				  Near	 _TEXT:0A41
NE103				  Near	 _TEXT:0A54
NE104				  Near	 _TEXT:0A67
NE105				  Near	 _TEXT:0A7A
NE106				  Near	 _TEXT:0A8D
NE107				  Near	 _TEXT:0AA0
NE110				  Near	 _TEXT:0AB6
NE1100				  Near	 _TEXT:04FE
Turbo Assembler	 Version 3.1	    01/04/21 19:57:59	    Page 41
Symbol Table



NE1101				  Near	 _TEXT:05C3
NE110W1				  Near	 _TEXT:0B7E
NE111				  Near	 _TEXT:0ACF
NE1110				  Near	 _TEXT:0514
NE1111				  Near	 _TEXT:05DC
NE111W1				  Near	 _TEXT:0B97
NE112				  Near	 _TEXT:0AE8
NE112W1				  Near	 _TEXT:0BB0
NE113				  Near	 _TEXT:0B01
NE113W1				  Near	 _TEXT:0BC9
NE114				  Near	 _TEXT:0B1A
NE114W1				  Near	 _TEXT:0BE2
NE115				  Near	 _TEXT:0B33
NE115W1				  Near	 _TEXT:0BFB
NE116				  Near	 _TEXT:0B4C
NE116W1				  Near	 _TEXT:0C14
NE117				  Near	 _TEXT:0B65
NE117W1				  Near	 _TEXT:0C2D
NEATPAZINTA			  Byte	 DGROUP:0130
NECS				  Near	 _TEXT:0D22
NECS1				  Near	 _TEXT:0F95
NEDS				  Near	 _TEXT:0D37
NEDS1				  Near	 _TEXT:0FAA
NEES				  Near	 _TEXT:0D0D
NEES1				  Near	 _TEXT:0F80
NEMANO				  Near	 _TEXT:00BE
NEMOV				  Near	 _TEXT:0C5D
NENOT				  Near	 _TEXT:0C75
NERACS				  Near	 _TEXT:0DE8
NERACS1				  Near	 _TEXT:1027
NERADS				  Near	 _TEXT:0E00
NERADS1				  Near	 _TEXT:103F
NERAES				  Near	 _TEXT:0DD0
NERAES1				  Near	 _TEXT:100F
NERASEG				  Near	 _TEXT:0D5A
NERCR0				  Near	 _TEXT:0CF8
NERCR1				  Near	 _TEXT:0CA5
NESS				  Near	 _TEXT:0D4C
NESS1				  Near	 _TEXT:0FBF
NEVISKAS			  Near	 _TEXT:0CD2
NEXLAT				  Near	 _TEXT:0C8D
NOT0				  Near	 _TEXT:02C2
NOT1				  Near	 _TEXT:02D0
NOTADRESAVIMOBAITAS		  Near	 _TEXT:037E
NOTKOMANDA			  Byte	 DGROUP:0113
OPEN				  Near	 _TEXT:0056
OPERANDAI2			  Near	 _TEXT:05E5
OPERANDAS1			  Word	 DGROUP:0425
OPERANDAS2			  Word	 DGROUP:0427
OUTPUT				  Byte	 DGROUP:021A
OUT_FH				  Word	 DGROUP:010D
P0				  Near	 _TEXT:00C4
P1				  Near	 _TEXT:00CC
P10				  Near	 _TEXT:0114
P11				  Near	 _TEXT:011C
P12				  Near	 _TEXT:0124
P13				  Near	 _TEXT:012C
Turbo Assembler	 Version 3.1	    01/04/21 19:57:59	    Page 42
Symbol Table



P14				  Near	 _TEXT:0137
P15				  Near	 _TEXT:013F
P16				  Near	 _TEXT:0147
P17				  Near	 _TEXT:014F
P18				  Near	 _TEXT:0157
P19				  Near	 _TEXT:015F
P2				  Near	 _TEXT:00D4
P20				  Near	 _TEXT:0167
P3				  Near	 _TEXT:00DC
P4				  Near	 _TEXT:00E4
P5				  Near	 _TEXT:00EC
P6				  Near	 _TEXT:00F4
P7				  Near	 _TEXT:00FC
P8				  Near	 _TEXT:0104
P9				  Near	 _TEXT:010C
PABAIGA				  Near	 _TEXT:016A
PAGALBA1			  Near	 _TEXT:0024
PERSOKA0			  Near	 _TEXT:05EF
PERSOKA1			  Near	 _TEXT:03D7
PERSOKA11			  Near	 _TEXT:0427
PERSOKA12			  Near	 _TEXT:0431
PERSOKA13			  Near	 _TEXT:043B
PERSOKA14			  Near	 _TEXT:0445
PERSOKA15			  Near	 _TEXT:044F
PERSOKA16			  Near	 _TEXT:0459
PERSOKA17			  Near	 _TEXT:0463
PERSOKA18			  Near	 _TEXT:046D
PERSOKA2			  Near	 _TEXT:03E1
PERSOKA21			  Near	 _TEXT:0621
PERSOKA22			  Near	 _TEXT:062B
PERSOKA23			  Near	 _TEXT:0635
PERSOKA24			  Near	 _TEXT:063F
PERSOKA25			  Near	 _TEXT:0649
PERSOKA26			  Near	 _TEXT:0653
PERSOKA27			  Near	 _TEXT:065D
PERSOKA28			  Near	 _TEXT:0667
PERSOKA3			  Near	 _TEXT:03EB
PERSOKA31			  Near	 _TEXT:0671
PERSOKA32			  Near	 _TEXT:067B
PERSOKA33			  Near	 _TEXT:0685
PERSOKA34			  Near	 _TEXT:068F
PERSOKA35			  Near	 _TEXT:0699
PERSOKA36			  Near	 _TEXT:06A3
PERSOKA37			  Near	 _TEXT:06AD
PERSOKA38			  Near	 _TEXT:06B7
PERSOKA4			  Near	 _TEXT:03F5
PERSOKA41			  Near	 _TEXT:06C1
PERSOKA42			  Near	 _TEXT:06CB
PERSOKA43			  Near	 _TEXT:06D5
PERSOKA44			  Near	 _TEXT:06DF
PERSOKA45			  Near	 _TEXT:06E9
PERSOKA46			  Near	 _TEXT:06F3
PERSOKA47			  Near	 _TEXT:06FD
PERSOKA48			  Near	 _TEXT:0707
PERSOKA5			  Near	 _TEXT:03FF
PERSOKA51			  Near	 _TEXT:0718
PERSOKA52			  Near	 _TEXT:0722
Turbo Assembler	 Version 3.1	    01/04/21 19:57:59	    Page 43
Symbol Table



PERSOKA53			  Near	 _TEXT:072C
PERSOKA54			  Near	 _TEXT:0736
PERSOKA55			  Near	 _TEXT:0740
PERSOKA56			  Near	 _TEXT:074A
PERSOKA57			  Near	 _TEXT:0754
PERSOKA58			  Near	 _TEXT:075E
PERSOKA6			  Near	 _TEXT:0409
PERSOKA61			  Near	 _TEXT:0768
PERSOKA62			  Near	 _TEXT:0772
PERSOKA63			  Near	 _TEXT:077C
PERSOKA64			  Near	 _TEXT:0786
PERSOKA65			  Near	 _TEXT:0790
PERSOKA66			  Near	 _TEXT:079A
PERSOKA67			  Near	 _TEXT:07A4
PERSOKA68			  Near	 _TEXT:07AE
PERSOKA7			  Near	 _TEXT:0413
PERSOKA8			  Near	 _TEXT:041D
PERSOKAMOD1			  Near	 _TEXT:05F9
PERSOKAMOD2			  Near	 _TEXT:0603
PERSOKAMOD3			  Near	 _TEXT:060D
PERSOKAMOD4			  Near	 _TEXT:0617
PLIUSAS				  Byte	 DGROUP:012F
POSLINKIS1			  Byte	 DGROUP:0422
POSLINKIS2			  Word	 DGROUP:0423
PRADZIA				  Near	 _TEXT:0035
PREF1				  Near	 _TEXT:10C8
PREF2				  Near	 _TEXT:10D7
PREF3				  Near	 _TEXT:10E6
PREF4				  Near	 _TEXT:10F5
PREF?				  Near	 _TEXT:0DB8
PREFCOMPARE			  Near	 _TEXT:10A5
PREVHEX				  Byte	 DGROUP:043F
PRINTHEX			  Near	 _TEXT:106C
RCR00				  Near	 _TEXT:02E6
RCR01				  Near	 _TEXT:02F4
RCR1				  Byte	 DGROUP:0123
RCR10				  Near	 _TEXT:0302
RCR11				  Near	 _TEXT:0316
RCRADRESAVIMOBAITAS		  Near	 _TEXT:03A8
RCRKOMANDA			  Byte	 DGROUP:011C
READ				  Near	 _TEXT:0084
REG				  Byte	 DGROUP:0420
REG000W0			  Near	 _TEXT:046D
REG000W1			  Near	 _TEXT:051D
REG001W0			  Near	 _TEXT:0483
REG001W1			  Near	 _TEXT:0536
REG010W0			  Near	 _TEXT:0499
REG010W1			  Near	 _TEXT:054F
REG011W0			  Near	 _TEXT:04AF
REG011W1			  Near	 _TEXT:0568
REG100W0			  Near	 _TEXT:04C5
REG100W1			  Near	 _TEXT:0581
REG101W0			  Near	 _TEXT:04DB
REG101W1			  Near	 _TEXT:059A
REG110W0			  Near	 _TEXT:04F1
REG110W1			  Near	 _TEXT:05B3
REG111W0			  Near	 _TEXT:0507
Turbo Assembler	 Version 3.1	    01/04/21 19:57:59	    Page 44
Symbol Table



REG111W1			  Near	 _TEXT:05CC
RM				  Byte	 DGROUP:0421
RM000MOD00			  Near	 _TEXT:07AE
RM000MOD01			  Near	 _TEXT:0876
RM000MOD10			  Near	 _TEXT:0A0E
RM000MOD11			  Near	 _TEXT:0AA6
RM000MOD11W1			  Near	 _TEXT:0B6E
RM001MOD00			  Near	 _TEXT:07C7
RM001MOD01			  Near	 _TEXT:08AB
RM001MOD10			  Near	 _TEXT:0A21
RM001MOD11			  Near	 _TEXT:0ABF
RM001MOD11W1			  Near	 _TEXT:0B87
RM010MOD00			  Near	 _TEXT:07E0
RM010MOD01			  Near	 _TEXT:08E0
RM010MOD10			  Near	 _TEXT:0A34
RM010MOD11			  Near	 _TEXT:0AD8
RM010MOD11W1			  Near	 _TEXT:0BA0
RM011MOD00			  Near	 _TEXT:07F9
RM011MOD01			  Near	 _TEXT:0915
RM011MOD10			  Near	 _TEXT:0A47
RM011MOD11			  Near	 _TEXT:0AF1
RM011MOD11W1			  Near	 _TEXT:0BB9
RM100MOD00			  Near	 _TEXT:0812
RM100MOD01			  Near	 _TEXT:094A
RM100MOD10			  Near	 _TEXT:0A5A
RM100MOD11			  Near	 _TEXT:0B0A
RM100MOD11W1			  Near	 _TEXT:0BD2
RM101MOD00			  Near	 _TEXT:082B
RM101MOD01			  Near	 _TEXT:096F
RM101MOD10			  Near	 _TEXT:0A6D
RM101MOD11			  Near	 _TEXT:0B23
RM101MOD11W1			  Near	 _TEXT:0BEB
RM110MOD00			  Near	 _TEXT:0844
RM110MOD01			  Near	 _TEXT:09A4
RM110MOD10			  Near	 _TEXT:0A80
RM110MOD11			  Near	 _TEXT:0B3C
RM110MOD11W1			  Near	 _TEXT:0C04
RM111MOD00			  Near	 _TEXT:085D
RM111MOD01			  Near	 _TEXT:09D9
RM111MOD10			  Near	 _TEXT:0A93
RM111MOD11			  Near	 _TEXT:0B55
RM111MOD11W1			  Near	 _TEXT:0C1D
SIOP				  Byte	 DGROUP:0429
SPACE				  Byte	 DGROUP:0120
SSPREF				  Byte	 DGROUP:0219
SSPREFIKSAS			  Byte	 DGROUP:0211
START				  Near	 _TEXT:0000
SUPOSLINKIU			  Near	 _TEXT:0F32
TARPAS				  Byte	 DGROUP:0121
TEMP				  Near	 _TEXT:0DA7
TESTAS				  Byte	 DGROUP:0145
VISKAS				  Near	 _TEXT:0E15
VISKAS1				  Near	 _TEXT:1054
W				  Byte	 DGROUP:041E
W0				  Near	 _TEXT:03CD
W1				  Near	 _TEXT:041D
XLAT1				  Near	 _TEXT:02DE
Turbo Assembler	 Version 3.1	    01/04/21 19:57:59	    Page 45
Symbol Table



XLATKOMANDA			  Byte	 DGROUP:0117
YRA				  Near	 _TEXT:0048

Groups & Segments		  Bit Size Align  Combine Class

DGROUP				  Group
  STACK				  16  0100 Para	  Stack	  STACK
  _DATA				  16  0441 Word	  Public  DATA
_TEXT				  16  10F6 Word	  Public  CODE
